<?xml version="1.0" encoding="UTF-8"?>
<robot generator="Robot 3.2rc2 (Python 3.8.2 on win32)" generated="20200427 18:59:59.723" rpa="false">
<suite id="s1" name="Settings Keywords Setup Teardown" source="C:\development\robot-scripts\amazon\Tests\Settings_Keywords_Setup_Teardown.robot">
<kw name="suite_setup" type="setup">
<kw name="Log" library="BuiltIn">
<doc>Logs the given message with the given level.</doc>
<arguments>
<arg>Suite Setup</arg>
</arguments>
<msg timestamp="20200427 18:59:59.762" level="INFO">Suite Setup</msg>
<status status="PASS" starttime="20200427 18:59:59.762" endtime="20200427 18:59:59.763"></status>
</kw>
<status status="PASS" starttime="20200427 18:59:59.762" endtime="20200427 18:59:59.763"></status>
</kw>
<test id="s1-t1" name="Test Case 1">
<kw name="test_setup" type="setup">
<kw name="Log" library="BuiltIn">
<doc>Logs the given message with the given level.</doc>
<arguments>
<arg>Test Setup</arg>
</arguments>
<msg timestamp="20200427 18:59:59.764" level="INFO">Test Setup</msg>
<status status="PASS" starttime="20200427 18:59:59.763" endtime="20200427 18:59:59.764"></status>
</kw>
<status status="PASS" starttime="20200427 18:59:59.763" endtime="20200427 18:59:59.764"></status>
</kw>
<kw name="Log" library="BuiltIn">
<doc>Logs the given message with the given level.</doc>
<arguments>
<arg>1</arg>
</arguments>
<msg timestamp="20200427 18:59:59.765" level="INFO">1</msg>
<status status="PASS" starttime="20200427 18:59:59.765" endtime="20200427 18:59:59.765"></status>
</kw>
<kw name="test_teardown" type="teardown">
<kw name="Log" library="BuiltIn">
<doc>Logs the given message with the given level.</doc>
<arguments>
<arg>Test Teardown</arg>
</arguments>
<msg timestamp="20200427 18:59:59.766" level="INFO">Test Teardown</msg>
<status status="PASS" starttime="20200427 18:59:59.766" endtime="20200427 18:59:59.766"></status>
</kw>
<status status="PASS" starttime="20200427 18:59:59.766" endtime="20200427 18:59:59.766"></status>
</kw>
<status status="PASS" starttime="20200427 18:59:59.763" endtime="20200427 18:59:59.766" critical="yes"></status>
</test>
<test id="s1-t2" name="Test Case 2">
<kw name="test_setup" type="setup">
<kw name="Log" library="BuiltIn">
<doc>Logs the given message with the given level.</doc>
<arguments>
<arg>Test Setup</arg>
</arguments>
<msg timestamp="20200427 18:59:59.769" level="INFO">Test Setup</msg>
<status status="PASS" starttime="20200427 18:59:59.769" endtime="20200427 18:59:59.769"></status>
</kw>
<status status="PASS" starttime="20200427 18:59:59.768" endtime="20200427 18:59:59.769"></status>
</kw>
<kw name="Log" library="BuiltIn">
<doc>Logs the given message with the given level.</doc>
<arguments>
<arg>2</arg>
</arguments>
<msg timestamp="20200427 18:59:59.770" level="INFO">2</msg>
<status status="PASS" starttime="20200427 18:59:59.770" endtime="20200427 18:59:59.770"></status>
</kw>
<kw name="test_teardown" type="teardown">
<kw name="Log" library="BuiltIn">
<doc>Logs the given message with the given level.</doc>
<arguments>
<arg>Test Teardown</arg>
</arguments>
<msg timestamp="20200427 18:59:59.771" level="INFO">Test Teardown</msg>
<status status="PASS" starttime="20200427 18:59:59.771" endtime="20200427 18:59:59.771"></status>
</kw>
<status status="PASS" starttime="20200427 18:59:59.770" endtime="20200427 18:59:59.771"></status>
</kw>
<status status="PASS" starttime="20200427 18:59:59.768" endtime="20200427 18:59:59.772" critical="yes"></status>
</test>
<test id="s1-t3" name="Test Case 3">
<kw name="test_setup" type="setup">
<kw name="Log" library="BuiltIn">
<doc>Logs the given message with the given level.</doc>
<arguments>
<arg>Test Setup</arg>
</arguments>
<msg timestamp="20200427 18:59:59.774" level="INFO">Test Setup</msg>
<status status="PASS" starttime="20200427 18:59:59.774" endtime="20200427 18:59:59.774"></status>
</kw>
<status status="PASS" starttime="20200427 18:59:59.774" endtime="20200427 18:59:59.774"></status>
</kw>
<kw name="Log" library="BuiltIn">
<doc>Logs the given message with the given level.</doc>
<arguments>
<arg>3</arg>
</arguments>
<msg timestamp="20200427 18:59:59.775" level="INFO">3</msg>
<status status="PASS" starttime="20200427 18:59:59.775" endtime="20200427 18:59:59.775"></status>
</kw>
<kw name="test_teardown" type="teardown">
<kw name="Log" library="BuiltIn">
<doc>Logs the given message with the given level.</doc>
<arguments>
<arg>Test Teardown</arg>
</arguments>
<msg timestamp="20200427 18:59:59.776" level="INFO">Test Teardown</msg>
<status status="PASS" starttime="20200427 18:59:59.776" endtime="20200427 18:59:59.776"></status>
</kw>
<status status="PASS" starttime="20200427 18:59:59.775" endtime="20200427 18:59:59.776"></status>
</kw>
<status status="PASS" starttime="20200427 18:59:59.773" endtime="20200427 18:59:59.777" critical="yes"></status>
</test>
<kw name="suite_teardown" type="teardown">
<kw name="Log" library="BuiltIn">
<doc>Logs the given message with the given level.</doc>
<arguments>
<arg>Suite Teardown</arg>
</arguments>
<msg timestamp="20200427 18:59:59.778" level="INFO">Suite Teardown</msg>
<status status="PASS" starttime="20200427 18:59:59.778" endtime="20200427 18:59:59.778"></status>
</kw>
<status status="PASS" starttime="20200427 18:59:59.778" endtime="20200427 18:59:59.779"></status>
</kw>
<status status="PASS" starttime="20200427 18:59:59.728" endtime="20200427 18:59:59.779"></status>
</suite>
<statistics>
<total>
<stat pass="3" fail="0">Critical Tests</stat>
<stat pass="3" fail="0">All Tests</stat>
</total>
<tag>
</tag>
<suite>
<stat pass="3" fail="0" id="s1" name="Settings Keywords Setup Teardown">Settings Keywords Setup Teardown</stat>
</suite>
</statistics>
<errors>
</errors>
</robot>
