<?xml version="1.0" encoding="UTF-8"?>
<robot generator="Robot 3.2.1 (Python 3.8.2 on win32)" generated="20200601 16:36:04.331" rpa="false">
<suite id="s1" name="Locator" source="C:\development\robot-scripts\MyProgram\Tests\Locators\Locator.robot">
<test id="s1-t1" name="User Should be able to search for Item to Checkout">
<kw name="Open Browser" library="SeleniumLibrary">
<doc>Opens a new browser instance to the optional ``url``.</doc>
<arguments>
<arg>http://amazon.in</arg>
<arg>chrome</arg>
</arguments>
<msg timestamp="20200601 16:36:04.760" level="INFO">Opening browser 'chrome' to base url 'http://amazon.in'.</msg>
<status status="PASS" starttime="20200601 16:36:04.760" endtime="20200601 16:36:10.586"></status>
</kw>
<kw name="Set Selenium Timeout" library="SeleniumLibrary">
<doc>Sets the timeout that is used by various keywords.</doc>
<arguments>
<arg>30s</arg>
</arguments>
<status status="PASS" starttime="20200601 16:36:10.586" endtime="20200601 16:36:10.588"></status>
</kw>
<kw name="Sleep" library="BuiltIn">
<doc>Pauses the test executed for the given time.</doc>
<arguments>
<arg>3s</arg>
</arguments>
<msg timestamp="20200601 16:36:13.590" level="INFO">Slept 3 seconds</msg>
<status status="PASS" starttime="20200601 16:36:10.589" endtime="20200601 16:36:13.590"></status>
</kw>
<kw name="Input Text" library="SeleniumLibrary">
<doc>Types the given ``text`` into the text field identified by ``locator``.</doc>
<arguments>
<arg>id=twotabsearchtextbox</arg>
<arg>Gita</arg>
</arguments>
<msg timestamp="20200601 16:36:13.590" level="INFO">Typing text 'Gita' into text field 'id=twotabsearchtextbox'.</msg>
<status status="PASS" starttime="20200601 16:36:13.590" endtime="20200601 16:36:13.728"></status>
</kw>
<kw name="Sleep" library="BuiltIn">
<doc>Pauses the test executed for the given time.</doc>
<arguments>
<arg>5s</arg>
</arguments>
<msg timestamp="20200601 16:36:18.742" level="INFO">Slept 5 seconds</msg>
<status status="PASS" starttime="20200601 16:36:13.728" endtime="20200601 16:36:18.742"></status>
</kw>
<kw name="Click Button" library="SeleniumLibrary">
<doc>Clicks the button identified by ``locator``.</doc>
<arguments>
<arg>xpath=/html/body/div[1]/header/div/div[1]/div[3]/div/form/div[2]/div/input</arg>
</arguments>
<msg timestamp="20200601 16:36:18.743" level="INFO">Clicking button 'xpath=/html/body/div[1]/header/div/div[1]/div[3]/div/form/div[2]/div/input'.</msg>
<status status="PASS" starttime="20200601 16:36:18.742" endtime="20200601 16:36:21.216"></status>
</kw>
<kw name="Sleep" library="BuiltIn">
<doc>Pauses the test executed for the given time.</doc>
<arguments>
<arg>5s</arg>
</arguments>
<msg timestamp="20200601 16:36:26.219" level="INFO">Slept 5 seconds</msg>
<status status="PASS" starttime="20200601 16:36:21.216" endtime="20200601 16:36:26.219"></status>
</kw>
<kw name="Click Link" library="SeleniumLibrary">
<doc>Clicks a link identified by ``locator``.</doc>
<arguments>
<arg>xpath=//div[4]//div[1]//span[1]//div[1]//div[1]//div[2]//div[2]//div[1]//div[1]//div[1]//div[1]//div[1]//h2[1]//a[1]</arg>
</arguments>
<msg timestamp="20200601 16:36:26.219" level="INFO">Clicking link 'xpath=//div[4]//div[1]//span[1]//div[1]//div[1]//div[2]//div[2]//div[1]//div[1]//div[1]//div[1]//div[1]//h2[1]//a[1]'.</msg>
<status status="PASS" starttime="20200601 16:36:26.219" endtime="20200601 16:36:26.477"></status>
</kw>
<kw name="Sleep" library="BuiltIn">
<doc>Pauses the test executed for the given time.</doc>
<arguments>
<arg>5s</arg>
</arguments>
<msg timestamp="20200601 16:36:31.492" level="INFO">Slept 5 seconds</msg>
<status status="PASS" starttime="20200601 16:36:26.477" endtime="20200601 16:36:31.492"></status>
</kw>
<kw name="Close All Browsers" library="SeleniumLibrary" type="teardown">
<doc>Closes all open browsers and resets the browser cache.</doc>
<status status="PASS" starttime="20200601 16:36:31.493" endtime="20200601 16:36:34.004"></status>
</kw>
<doc>This is search test</doc>
<tags>
<tag>smoke</tag>
</tags>
<status status="PASS" starttime="20200601 16:36:04.760" endtime="20200601 16:36:34.004" critical="yes"></status>
</test>
<doc>This is to identify the locators</doc>
<status status="PASS" starttime="20200601 16:36:04.340" endtime="20200601 16:36:34.006"></status>
</suite>
<statistics>
<total>
<stat pass="1" fail="0">Critical Tests</stat>
<stat pass="1" fail="0">All Tests</stat>
</total>
<tag>
<stat pass="1" fail="0">smoke</stat>
</tag>
<suite>
<stat pass="1" fail="0" id="s1" name="Locator">Locator</stat>
</suite>
</statistics>
<errors>
</errors>
</robot>
