<?xml version="1.0" encoding="UTF-8"?>
<robot generator="Robot 3.2.1 (Python 3.8.2 on win32)" generated="20200513 00:29:04.433" rpa="false">
<suite id="s1" name="Setvariable" source="C:\development\robot-scripts\MyProgram\Tests\Conditionals\setvariable.robot">
<test id="s1-t1" name="TC1">
<kw name="Set Variable" library="BuiltIn">
<doc>Returns the given values which can then be assigned to a variables.</doc>
<arguments>
<arg>True</arg>
</arguments>
<assign>
<var>${cond}</var>
</assign>
<msg timestamp="20200513 00:29:04.492" level="INFO">${cond} = True</msg>
<status status="PASS" starttime="20200513 00:29:04.492" endtime="20200513 00:29:04.493"></status>
</kw>
<kw name="Log To Console" library="BuiltIn">
<doc>Logs the given message to the console.</doc>
<arguments>
<arg>${cond}</arg>
</arguments>
<status status="PASS" starttime="20200513 00:29:04.493" endtime="20200513 00:29:04.494"></status>
</kw>
<status status="PASS" starttime="20200513 00:29:04.491" endtime="20200513 00:29:04.495" critical="yes"></status>
</test>
<status status="PASS" starttime="20200513 00:29:04.441" endtime="20200513 00:29:04.496"></status>
</suite>
<statistics>
<total>
<stat pass="1" fail="0">Critical Tests</stat>
<stat pass="1" fail="0">All Tests</stat>
</total>
<tag>
</tag>
<suite>
<stat pass="1" fail="0" id="s1" name="Setvariable">Setvariable</stat>
</suite>
</statistics>
<errors>
</errors>
</robot>
