<?xml version="1.0" encoding="UTF-8"?>
<robot generator="Robot 3.2.1 (Python 3.8.2 on win32)" generated="20200520 09:13:33.117" rpa="false">
<suite id="s1" name="SeleniumLibraryMouseDownImage" source="C:\development\robot-scripts\MyProgram\Tests\SeleniumRobot\SeleniumLibraryMouseDownImage.robot">
<test id="s1-t1" name="TC1">
<kw name="Open Browser" library="SeleniumLibrary">
<doc>Opens a new browser instance to the optional ``url``.</doc>
<arguments>
<arg>https://the-internet.herokuapp.com/</arg>
<arg>chrome</arg>
</arguments>
<msg timestamp="20200520 09:13:33.423" level="INFO">Opening browser 'chrome' to base url 'https://the-internet.herokuapp.com/'.</msg>
<status status="PASS" starttime="20200520 09:13:33.423" endtime="20200520 09:13:39.361"></status>
</kw>
<kw name="Sleep" library="BuiltIn">
<doc>Pauses the test executed for the given time.</doc>
<arguments>
<arg>2s</arg>
</arguments>
<msg timestamp="20200520 09:13:41.363" level="INFO">Slept 2 seconds</msg>
<status status="PASS" starttime="20200520 09:13:39.361" endtime="20200520 09:13:41.363"></status>
</kw>
<kw name="Mouse Down On Image" library="SeleniumLibrary">
<doc>Simulates a mouse down event on an image identified by ``locator``.</doc>
<arguments>
<arg>tag:img</arg>
</arguments>
<status status="PASS" starttime="20200520 09:13:41.363" endtime="20200520 09:13:41.656"></status>
</kw>
<kw name="Sleep" library="BuiltIn">
<doc>Pauses the test executed for the given time.</doc>
<arguments>
<arg>10s</arg>
</arguments>
<msg timestamp="20200520 09:13:51.657" level="INFO">Slept 10 seconds</msg>
<status status="PASS" starttime="20200520 09:13:41.657" endtime="20200520 09:13:51.657"></status>
</kw>
<kw name="Close All Browsers" library="SeleniumLibrary" type="teardown">
<doc>Closes all open browsers and resets the browser cache.</doc>
<status status="PASS" starttime="20200520 09:13:51.658" endtime="20200520 09:13:53.905"></status>
</kw>
<status status="PASS" starttime="20200520 09:13:33.422" endtime="20200520 09:13:53.906" critical="yes"></status>
</test>
<status status="PASS" starttime="20200520 09:13:33.123" endtime="20200520 09:13:53.910"></status>
</suite>
<statistics>
<total>
<stat pass="1" fail="0">Critical Tests</stat>
<stat pass="1" fail="0">All Tests</stat>
</total>
<tag>
</tag>
<suite>
<stat pass="1" fail="0" id="s1" name="SeleniumLibraryMouseDownImage">SeleniumLibraryMouseDownImage</stat>
</suite>
</statistics>
<errors>
</errors>
</robot>
