<?xml version="1.0" encoding="UTF-8"?>
<robot generator="Robot 3.2rc2 (Python 3.8.2 on win32)" generated="20200427 15:43:33.414" rpa="false">
<suite id="s1" name="Settings ImportVariables File" source="C:\development\robot-scripts\amazon\Tests\Settings_ImportVariables_File.robot">
<test id="s1-t1" name="Test Case for Importing Variables">
<kw name="Log" library="BuiltIn">
<doc>Logs the given message with the given level.</doc>
<arguments>
<arg>${name}</arg>
</arguments>
<msg timestamp="20200427 15:43:33.475" level="INFO">Srinivas Kadiyala</msg>
<status status="PASS" starttime="20200427 15:43:33.475" endtime="20200427 15:43:33.475"></status>
</kw>
<kw name="Log" library="BuiltIn">
<doc>Logs the given message with the given level.</doc>
<arguments>
<arg>${age}</arg>
</arguments>
<msg timestamp="20200427 15:43:33.476" level="INFO">20</msg>
<status status="PASS" starttime="20200427 15:43:33.476" endtime="20200427 15:43:33.476"></status>
</kw>
<kw name="Log" library="BuiltIn">
<doc>Logs the given message with the given level.</doc>
<arguments>
<arg>${place}</arg>
</arguments>
<msg timestamp="20200427 15:43:33.477" level="INFO">hyderabad</msg>
<status status="PASS" starttime="20200427 15:43:33.477" endtime="20200427 15:43:33.477"></status>
</kw>
<status status="PASS" starttime="20200427 15:43:33.474" endtime="20200427 15:43:33.477" critical="yes"></status>
</test>
<status status="PASS" starttime="20200427 15:43:33.420" endtime="20200427 15:43:33.479"></status>
</suite>
<statistics>
<total>
<stat pass="1" fail="0">Critical Tests</stat>
<stat pass="1" fail="0">All Tests</stat>
</total>
<tag>
</tag>
<suite>
<stat pass="1" fail="0" id="s1" name="Settings ImportVariables File">Settings ImportVariables File</stat>
</suite>
</statistics>
<errors>
</errors>
</robot>
