<?xml version="1.0" encoding="UTF-8"?>
<robot generator="Robot 3.2rc2 (Python 3.8.2 on win32)" generated="20200426 09:28:01.849" rpa="false">
<suite id="s1" name="Amazon" source="C:\development\robot-scripts\amazon\Tests\Amazon.robot">
<test id="s1-t1" name="User must sign in to Amazon to Checkout">
<kw name="Open Browser" library="SeleniumLibrary">
<doc>Opens a new browser instance to the optional ``url``.</doc>
<arguments>
<arg>http://www.amazon.in</arg>
<arg>ie</arg>
</arguments>
<msg timestamp="20200426 09:28:02.231" level="INFO">Opening browser 'ie' to base url 'http://www.amazon.in'.</msg>
<status status="PASS" starttime="20200426 09:28:02.231" endtime="20200426 09:28:07.167"></status>
</kw>
<kw name="Sleep" library="BuiltIn">
<doc>Pauses the test executed for the given time.</doc>
<arguments>
<arg>20s</arg>
</arguments>
<msg timestamp="20200426 09:28:27.168" level="INFO">Slept 20 seconds</msg>
<status status="PASS" starttime="20200426 09:28:07.167" endtime="20200426 09:28:27.168"></status>
</kw>
<kw name="Close Browser" library="SeleniumLibrary">
<doc>Closes the current browser.</doc>
<status status="PASS" starttime="20200426 09:28:27.168" endtime="20200426 09:28:30.429"></status>
</kw>
<doc>This is basic test</doc>
<tags>
<tag>Smoke</tag>
</tags>
<status status="PASS" starttime="20200426 09:28:02.230" endtime="20200426 09:28:30.429" critical="yes"></status>
</test>
<doc>This is basic info about whole suite</doc>
<status status="PASS" starttime="20200426 09:28:01.855" endtime="20200426 09:28:30.432"></status>
</suite>
<statistics>
<total>
<stat pass="1" fail="0">Critical Tests</stat>
<stat pass="1" fail="0">All Tests</stat>
</total>
<tag>
<stat pass="1" fail="0">Smoke</stat>
</tag>
<suite>
<stat pass="1" fail="0" id="s1" name="Amazon">Amazon</stat>
</suite>
</statistics>
<errors>
</errors>
</robot>
