<?xml version="1.0" encoding="UTF-8"?>
<robot generator="Robot 3.2.1 (Python 3.8.2 on win32)" generated="20200512 10:53:31.694" rpa="false">
<suite id="s1" name="Loops" source="C:\development\robot-scripts\MyProgram\Tests\Loops\loops.robot">
<test id="s1-t1" name="Test Case 1">
<kw name="${i} IN [ 0 | 3 ]" type="for">
<kw name="${i} = 0" type="foritem">
<kw name="Log" library="BuiltIn">
<doc>Logs the given message with the given level.</doc>
<arguments>
<arg>${i}</arg>
</arguments>
<msg timestamp="20200512 10:53:31.753" level="INFO">0</msg>
<status status="PASS" starttime="20200512 10:53:31.753" endtime="20200512 10:53:31.753"></status>
</kw>
<status status="PASS" starttime="20200512 10:53:31.753" endtime="20200512 10:53:31.754"></status>
</kw>
<kw name="${i} = 3" type="foritem">
<kw name="Log" library="BuiltIn">
<doc>Logs the given message with the given level.</doc>
<arguments>
<arg>${i}</arg>
</arguments>
<msg timestamp="20200512 10:53:31.754" level="INFO">3</msg>
<status status="PASS" starttime="20200512 10:53:31.754" endtime="20200512 10:53:31.754"></status>
</kw>
<status status="PASS" starttime="20200512 10:53:31.754" endtime="20200512 10:53:31.755"></status>
</kw>
<status status="PASS" starttime="20200512 10:53:31.753" endtime="20200512 10:53:31.755"></status>
</kw>
<status status="PASS" starttime="20200512 10:53:31.751" endtime="20200512 10:53:31.755" critical="yes"></status>
</test>
<status status="PASS" starttime="20200512 10:53:31.702" endtime="20200512 10:53:31.757"></status>
</suite>
<statistics>
<total>
<stat pass="1" fail="0">Critical Tests</stat>
<stat pass="1" fail="0">All Tests</stat>
</total>
<tag>
</tag>
<suite>
<stat pass="1" fail="0" id="s1" name="Loops">Loops</stat>
</suite>
</statistics>
<errors>
</errors>
</robot>
