<?xml version="1.0" encoding="UTF-8"?>
<robot generator="Robot 3.1.2 (Python 3.8.2 on win32)" generated="20200424 10:29:25.107" rpa="false">
<suite id="s1" name="Failing Tests" source="C:\development\robot-scripts\amazon\Tests\failing_tests.robot">
<kw name="Log" library="BuiltIn" type="setup">
<doc>Logs the given message with the given level.</doc>
<arguments>
<arg>Test Suite Start</arg>
</arguments>
<msg timestamp="20200424 10:29:25.158" level="INFO">Test Suite Start</msg>
<status status="PASS" starttime="20200424 10:29:25.157" endtime="20200424 10:29:25.158"></status>
</kw>
<test id="s1-t1" name="Test Case 1">
<kw name="Log" library="BuiltIn" type="setup">
<doc>Logs the given message with the given level.</doc>
<arguments>
<arg>Test Case Start</arg>
</arguments>
<msg timestamp="20200424 10:29:25.160" level="INFO">Test Case Start</msg>
<status status="PASS" starttime="20200424 10:29:25.159" endtime="20200424 10:29:25.160"></status>
</kw>
<kw name="CommonLogMessage">
<kw name="Log" library="BuiltIn">
<doc>Logs the given message with the given level.</doc>
<arguments>
<arg>Srinivas</arg>
</arguments>
<msg timestamp="20200424 10:29:25.161" level="INFO">Srinivas</msg>
<status status="PASS" starttime="20200424 10:29:25.161" endtime="20200424 10:29:25.161"></status>
</kw>
<kw name="Sleep" library="BuiltIn">
<doc>Pauses the test executed for the given time.</doc>
<arguments>
<arg>2s</arg>
</arguments>
<msg timestamp="20200424 10:29:26.166" level="FAIL">Test timeout 1 second exceeded.</msg>
<status status="FAIL" starttime="20200424 10:29:25.162" endtime="20200424 10:29:26.166"></status>
</kw>
<status status="FAIL" starttime="20200424 10:29:25.160" endtime="20200424 10:29:26.167"></status>
</kw>
<kw name="Log" library="BuiltIn" type="teardown">
<doc>Logs the given message with the given level.</doc>
<arguments>
<arg>Test Case End</arg>
</arguments>
<msg timestamp="20200424 10:29:26.169" level="INFO">Test Case End</msg>
<status status="PASS" starttime="20200424 10:29:26.169" endtime="20200424 10:29:26.169"></status>
</kw>
<timeout value="1 second"></timeout>
<status status="FAIL" starttime="20200424 10:29:25.158" endtime="20200424 10:29:26.170" critical="yes">Test timeout 1 second exceeded.</status>
</test>
<test id="s1-t2" name="Test Case 2">
<kw name="Log" library="BuiltIn" type="setup">
<doc>Logs the given message with the given level.</doc>
<arguments>
<arg>Test Case Start</arg>
</arguments>
<msg timestamp="20200424 10:29:26.181" level="INFO">Test Case Start</msg>
<status status="PASS" starttime="20200424 10:29:26.180" endtime="20200424 10:29:26.181"></status>
</kw>
<kw name="CommonLogMessage">
<kw name="Log" library="BuiltIn">
<doc>Logs the given message with the given level.</doc>
<arguments>
<arg>Srinivas</arg>
</arguments>
<msg timestamp="20200424 10:29:26.185" level="INFO">Srinivas</msg>
<status status="PASS" starttime="20200424 10:29:26.183" endtime="20200424 10:29:26.185"></status>
</kw>
<kw name="Sleep" library="BuiltIn">
<doc>Pauses the test executed for the given time.</doc>
<arguments>
<arg>2s</arg>
</arguments>
<msg timestamp="20200424 10:29:27.191" level="FAIL">Test timeout 1 second exceeded.</msg>
<status status="FAIL" starttime="20200424 10:29:26.185" endtime="20200424 10:29:27.191"></status>
</kw>
<status status="FAIL" starttime="20200424 10:29:26.182" endtime="20200424 10:29:27.191"></status>
</kw>
<kw name="Log" library="BuiltIn" type="teardown">
<doc>Logs the given message with the given level.</doc>
<arguments>
<arg>Test Case End</arg>
</arguments>
<msg timestamp="20200424 10:29:27.192" level="INFO">Test Case End</msg>
<status status="PASS" starttime="20200424 10:29:27.192" endtime="20200424 10:29:27.192"></status>
</kw>
<timeout value="1 second"></timeout>
<status status="FAIL" starttime="20200424 10:29:26.173" endtime="20200424 10:29:27.193" critical="yes">Test timeout 1 second exceeded.</status>
</test>
<test id="s1-t3" name="Test Case 3">
<kw name="Log" library="BuiltIn" type="setup">
<doc>Logs the given message with the given level.</doc>
<arguments>
<arg>Test Case Start</arg>
</arguments>
<msg timestamp="20200424 10:29:27.197" level="INFO">Test Case Start</msg>
<status status="PASS" starttime="20200424 10:29:27.196" endtime="20200424 10:29:27.197"></status>
</kw>
<kw name="CommonLogMessage">
<kw name="Log" library="BuiltIn">
<doc>Logs the given message with the given level.</doc>
<arguments>
<arg>Srinivas</arg>
</arguments>
<msg timestamp="20200424 10:29:27.199" level="INFO">Srinivas</msg>
<status status="PASS" starttime="20200424 10:29:27.198" endtime="20200424 10:29:27.199"></status>
</kw>
<kw name="Sleep" library="BuiltIn">
<doc>Pauses the test executed for the given time.</doc>
<arguments>
<arg>2s</arg>
</arguments>
<msg timestamp="20200424 10:29:28.207" level="FAIL">Test timeout 1 second exceeded.</msg>
<status status="FAIL" starttime="20200424 10:29:27.199" endtime="20200424 10:29:28.207"></status>
</kw>
<status status="FAIL" starttime="20200424 10:29:27.197" endtime="20200424 10:29:28.208"></status>
</kw>
<kw name="Log" library="BuiltIn" type="teardown">
<doc>Logs the given message with the given level.</doc>
<arguments>
<arg>Test Case End</arg>
</arguments>
<msg timestamp="20200424 10:29:28.208" level="INFO">Test Case End</msg>
<status status="PASS" starttime="20200424 10:29:28.208" endtime="20200424 10:29:28.208"></status>
</kw>
<timeout value="1 second"></timeout>
<status status="FAIL" starttime="20200424 10:29:27.195" endtime="20200424 10:29:28.209" critical="yes">Test timeout 1 second exceeded.</status>
</test>
<kw name="Log" library="BuiltIn" type="teardown">
<doc>Logs the given message with the given level.</doc>
<arguments>
<arg>Test Suite End</arg>
</arguments>
<msg timestamp="20200424 10:29:28.217" level="INFO">Test Suite End</msg>
<status status="PASS" starttime="20200424 10:29:28.217" endtime="20200424 10:29:28.217"></status>
</kw>
<doc>This is about Common Keywords Usage in Test Cases</doc>
<status status="FAIL" starttime="20200424 10:29:25.115" endtime="20200424 10:29:28.217"></status>
</suite>
<statistics>
<total>
<stat pass="0" fail="3">Critical Tests</stat>
<stat pass="0" fail="3">All Tests</stat>
</total>
<tag>
</tag>
<suite>
<stat pass="0" fail="3" id="s1" name="Failing Tests">Failing Tests</stat>
</suite>
</statistics>
<errors>
</errors>
</robot>
