<?xml version="1.0" encoding="UTF-8"?>
<robot generator="Robot 3.2.1 (Python 3.8.2 on win32)" generated="20200526 21:56:40.371" rpa="false">
<suite id="s1" name="SeleniumWaitElementVisible" source="C:\development\robot-scripts\MyProgram\Tests\SeleniumRobot\WaitFunctions\SeleniumWaitElementVisible.robot">
<test id="s1-t1" name="Wait Element Visible Test Case">
<kw name="Open Browser" library="SeleniumLibrary">
<doc>Opens a new browser instance to the optional ``url``.</doc>
<arguments>
<arg>https://the-internet.herokuapp.com/add_remove_elements/</arg>
<arg>chrome</arg>
</arguments>
<msg timestamp="20200526 21:56:40.698" level="INFO">Opening browser 'chrome' to base url 'https://the-internet.herokuapp.com/add_remove_elements/'.</msg>
<status status="PASS" starttime="20200526 21:56:40.698" endtime="20200526 21:56:53.325"></status>
</kw>
<kw name="Click Button" library="SeleniumLibrary">
<doc>Clicks the button identified by ``locator``.</doc>
<arguments>
<arg>//button[contains(text(),'Add Element')]</arg>
</arguments>
<msg timestamp="20200526 21:56:53.326" level="INFO">Clicking button '//button[contains(text(),'Add Element')]'.</msg>
<status status="PASS" starttime="20200526 21:56:53.325" endtime="20200526 21:56:53.408"></status>
</kw>
<kw name="Wait Until Element Is Visible" library="SeleniumLibrary">
<doc>Waits until the element ``locator`` is visible.</doc>
<arguments>
<arg>//button[@class='added-manually']</arg>
<arg>20s</arg>
</arguments>
<status status="PASS" starttime="20200526 21:56:53.408" endtime="20200526 21:56:53.435"></status>
</kw>
<status status="PASS" starttime="20200526 21:56:40.697" endtime="20200526 21:56:53.435" critical="yes"></status>
</test>
<status status="PASS" starttime="20200526 21:56:40.378" endtime="20200526 21:56:53.435"></status>
</suite>
<statistics>
<total>
<stat pass="1" fail="0">Critical Tests</stat>
<stat pass="1" fail="0">All Tests</stat>
</total>
<tag>
</tag>
<suite>
<stat pass="1" fail="0" id="s1" name="SeleniumWaitElementVisible">SeleniumWaitElementVisible</stat>
</suite>
</statistics>
<errors>
</errors>
</robot>
