<?xml version="1.0" encoding="UTF-8"?>
<robot generator="Robot 3.2rc2 (Python 3.8.2 on win32)" generated="20200424 13:32:50.078" rpa="false">
<suite id="s1" name="Globalvariables" source="C:\development\robot-scripts\amazon\Tests\globalvariables.robot">
<test id="s1-t1" name="Test Case 1">
<kw name="Set Variable" library="BuiltIn">
<doc>Returns the given values which can then be assigned to a variables.</doc>
<arguments>
<arg>Srinivas</arg>
</arguments>
<assign>
<var>${a}</var>
</assign>
<msg timestamp="20200424 13:32:50.122" level="INFO">${a} = Srinivas</msg>
<status status="PASS" starttime="20200424 13:32:50.122" endtime="20200424 13:32:50.122"></status>
</kw>
<kw name="Set Global Variable" library="BuiltIn">
<doc>Makes a variable available globally in all tests and suites.</doc>
<arguments>
<arg>${a}</arg>
</arguments>
<msg timestamp="20200424 13:32:50.124" level="INFO">${a} = Srinivas</msg>
<status status="PASS" starttime="20200424 13:32:50.124" endtime="20200424 13:32:50.124"></status>
</kw>
<status status="PASS" starttime="20200424 13:32:50.121" endtime="20200424 13:32:50.125" critical="yes"></status>
</test>
<test id="s1-t2" name="Test Case 2">
<kw name="Log" library="BuiltIn">
<doc>Logs the given message with the given level.</doc>
<arguments>
<arg>${a}</arg>
</arguments>
<msg timestamp="20200424 13:32:50.129" level="INFO">Srinivas</msg>
<status status="PASS" starttime="20200424 13:32:50.129" endtime="20200424 13:32:50.129"></status>
</kw>
<status status="PASS" starttime="20200424 13:32:50.128" endtime="20200424 13:32:50.130" critical="yes"></status>
</test>
<status status="PASS" starttime="20200424 13:32:50.086" endtime="20200424 13:32:50.132"></status>
</suite>
<statistics>
<total>
<stat pass="2" fail="0">Critical Tests</stat>
<stat pass="2" fail="0">All Tests</stat>
</total>
<tag>
</tag>
<suite>
<stat pass="2" fail="0" id="s1" name="Globalvariables">Globalvariables</stat>
</suite>
</statistics>
<errors>
</errors>
</robot>
