<?xml version="1.0" encoding="UTF-8"?>
<robot generator="Robot 3.2.1 (Python 3.8.2 on win32)" generated="20200512 11:12:50.181" rpa="false">
<suite id="s1" name="Forloops" source="C:\development\robot-scripts\MyProgram\Tests\Loops\forloops.robot">
<test id="s1-t1" name="Test Case 1">
<kw name="${i} IN RANGE [ 0 | 3 ]" type="for">
<kw name="${i} = 0" type="foritem">
<kw name="Log" library="BuiltIn">
<doc>Logs the given message with the given level.</doc>
<arguments>
<arg>${i}</arg>
</arguments>
<msg timestamp="20200512 11:12:50.220" level="INFO">0</msg>
<status status="PASS" starttime="20200512 11:12:50.220" endtime="20200512 11:12:50.220"></status>
</kw>
<status status="PASS" starttime="20200512 11:12:50.220" endtime="20200512 11:12:50.220"></status>
</kw>
<kw name="${i} = 1" type="foritem">
<kw name="Log" library="BuiltIn">
<doc>Logs the given message with the given level.</doc>
<arguments>
<arg>${i}</arg>
</arguments>
<msg timestamp="20200512 11:12:50.221" level="INFO">1</msg>
<status status="PASS" starttime="20200512 11:12:50.220" endtime="20200512 11:12:50.221"></status>
</kw>
<status status="PASS" starttime="20200512 11:12:50.220" endtime="20200512 11:12:50.221"></status>
</kw>
<kw name="${i} = 2" type="foritem">
<kw name="Log" library="BuiltIn">
<doc>Logs the given message with the given level.</doc>
<arguments>
<arg>${i}</arg>
</arguments>
<msg timestamp="20200512 11:12:50.221" level="INFO">2</msg>
<status status="PASS" starttime="20200512 11:12:50.221" endtime="20200512 11:12:50.221"></status>
</kw>
<status status="PASS" starttime="20200512 11:12:50.221" endtime="20200512 11:12:50.221"></status>
</kw>
<status status="PASS" starttime="20200512 11:12:50.219" endtime="20200512 11:12:50.221"></status>
</kw>
<status status="PASS" starttime="20200512 11:12:50.219" endtime="20200512 11:12:50.222" critical="yes"></status>
</test>
<doc>Refer: https://github.com/robotframework/robotframework/blob/master/doc/userguide/src/CreatingTestData/AdvancedFeatures.rst#for-loops</doc>
<status status="PASS" starttime="20200512 11:12:50.186" endtime="20200512 11:12:50.223"></status>
</suite>
<statistics>
<total>
<stat pass="1" fail="0">Critical Tests</stat>
<stat pass="1" fail="0">All Tests</stat>
</total>
<tag>
</tag>
<suite>
<stat pass="1" fail="0" id="s1" name="Forloops">Forloops</stat>
</suite>
</statistics>
<errors>
</errors>
</robot>
