<?xml version="1.0" encoding="UTF-8"?>
<robot generator="Robot 3.2.1 (Python 3.8.2 on win32)" generated="20200519 09:49:41.733" rpa="false">
<suite id="s1" name="SeleniumLibraryFileUpload" source="C:\development\robot-scripts\MyProgram\Tests\SeleniumRobot\SeleniumLibraryFileUpload.robot">
<test id="s1-t1" name="TC1">
<kw name="Open Browser" library="SeleniumLibrary">
<doc>Opens a new browser instance to the optional ``url``.</doc>
<arguments>
<arg>https://the-internet.herokuapp.com/</arg>
<arg>chrome</arg>
</arguments>
<msg timestamp="20200519 09:49:42.045" level="INFO">Opening browser 'chrome' to base url 'https://the-internet.herokuapp.com/'.</msg>
<status status="PASS" starttime="20200519 09:49:42.045" endtime="20200519 09:49:47.911"></status>
</kw>
<kw name="Click Element" library="SeleniumLibrary">
<doc>Click the element identified by ``locator``.</doc>
<arguments>
<arg>xpath://a[@href="/upload"]</arg>
</arguments>
<msg timestamp="20200519 09:49:47.912" level="INFO">Clicking element 'xpath://a[@href="/upload"]'.</msg>
<status status="PASS" starttime="20200519 09:49:47.912" endtime="20200519 09:49:48.594"></status>
</kw>
<kw name="Sleep" library="BuiltIn">
<doc>Pauses the test executed for the given time.</doc>
<arguments>
<arg>2s</arg>
</arguments>
<msg timestamp="20200519 09:49:50.595" level="INFO">Slept 2 seconds</msg>
<status status="PASS" starttime="20200519 09:49:48.595" endtime="20200519 09:49:50.595"></status>
</kw>
<kw name="Choose File" library="SeleniumLibrary">
<doc>Inputs the ``file_path`` into the file input field ``locator``.</doc>
<arguments>
<arg>id:file-upload</arg>
<arg>C:/Users/skadiyala/Pictures/UK/dog.jpg</arg>
</arguments>
<msg timestamp="20200519 09:49:50.596" level="INFO">Sending C:\Users\skadiyala\Pictures\UK\dog.jpg to browser.</msg>
<status status="PASS" starttime="20200519 09:49:50.595" endtime="20200519 09:49:50.638"></status>
</kw>
<kw name="Sleep" library="BuiltIn">
<doc>Pauses the test executed for the given time.</doc>
<arguments>
<arg>2s</arg>
</arguments>
<msg timestamp="20200519 09:49:52.639" level="INFO">Slept 2 seconds</msg>
<status status="PASS" starttime="20200519 09:49:50.639" endtime="20200519 09:49:52.639"></status>
</kw>
<kw name="Click Button" library="SeleniumLibrary">
<doc>Clicks the button identified by ``locator``.</doc>
<arguments>
<arg>id:file-submit</arg>
</arguments>
<msg timestamp="20200519 09:49:52.640" level="INFO">Clicking button 'id:file-submit'.</msg>
<status status="PASS" starttime="20200519 09:49:52.639" endtime="20200519 09:49:56.885"></status>
</kw>
<kw name="Sleep" library="BuiltIn">
<doc>Pauses the test executed for the given time.</doc>
<arguments>
<arg>10s</arg>
</arguments>
<msg timestamp="20200519 09:50:06.887" level="INFO">Slept 10 seconds</msg>
<status status="PASS" starttime="20200519 09:49:56.886" endtime="20200519 09:50:06.887"></status>
</kw>
<kw name="Close All Browsers" library="SeleniumLibrary" type="teardown">
<doc>Closes all open browsers and resets the browser cache.</doc>
<status status="PASS" starttime="20200519 09:50:06.887" endtime="20200519 09:50:09.169"></status>
</kw>
<status status="PASS" starttime="20200519 09:49:42.044" endtime="20200519 09:50:09.170" critical="yes"></status>
</test>
<status status="PASS" starttime="20200519 09:49:41.738" endtime="20200519 09:50:09.174"></status>
</suite>
<statistics>
<total>
<stat pass="1" fail="0">Critical Tests</stat>
<stat pass="1" fail="0">All Tests</stat>
</total>
<tag>
</tag>
<suite>
<stat pass="1" fail="0" id="s1" name="SeleniumLibraryFileUpload">SeleniumLibraryFileUpload</stat>
</suite>
</statistics>
<errors>
</errors>
</robot>
