<?xml version="1.0" encoding="UTF-8"?>
<robot generator="Robot 3.2.1 (Python 3.8.2 on win32)" generated="20200512 23:38:55.875" rpa="false">
<suite id="s1" name="Exitforloopif" source="C:\development\robot-scripts\MyProgram\Tests\Loops\exitforloopif.robot">
<test id="s1-t1" name="TC1">
<kw name="Create List" library="BuiltIn">
<doc>Returns a list containing given items.</doc>
<arguments>
<arg>1</arg>
<arg>2</arg>
<arg>3</arg>
<arg>4</arg>
<arg>5</arg>
</arguments>
<assign>
<var>@{num}</var>
</assign>
<msg timestamp="20200512 23:38:55.911" level="INFO">@{num} = [ 1 | 2 | 3 | 4 | 5 ]</msg>
<status status="PASS" starttime="20200512 23:38:55.910" endtime="20200512 23:38:55.911"></status>
</kw>
<kw name="${i} IN [ @{num} ]" type="for">
<kw name="${i} = 1" type="foritem">
<kw name="Log To Console" library="BuiltIn">
<doc>Logs the given message to the console.</doc>
<arguments>
<arg>${i}</arg>
</arguments>
<status status="PASS" starttime="20200512 23:38:55.912" endtime="20200512 23:38:55.914"></status>
</kw>
<kw name="Exit For Loop If" library="BuiltIn">
<doc>Stops executing the enclosing for loop if the ``condition`` is true.</doc>
<arguments>
<arg>${i}&gt;=4</arg>
</arguments>
<status status="PASS" starttime="20200512 23:38:55.914" endtime="20200512 23:38:55.914"></status>
</kw>
<status status="PASS" starttime="20200512 23:38:55.912" endtime="20200512 23:38:55.914"></status>
</kw>
<kw name="${i} = 2" type="foritem">
<kw name="Log To Console" library="BuiltIn">
<doc>Logs the given message to the console.</doc>
<arguments>
<arg>${i}</arg>
</arguments>
<status status="PASS" starttime="20200512 23:38:55.915" endtime="20200512 23:38:55.915"></status>
</kw>
<kw name="Exit For Loop If" library="BuiltIn">
<doc>Stops executing the enclosing for loop if the ``condition`` is true.</doc>
<arguments>
<arg>${i}&gt;=4</arg>
</arguments>
<status status="PASS" starttime="20200512 23:38:55.915" endtime="20200512 23:38:55.915"></status>
</kw>
<status status="PASS" starttime="20200512 23:38:55.915" endtime="20200512 23:38:55.915"></status>
</kw>
<kw name="${i} = 3" type="foritem">
<kw name="Log To Console" library="BuiltIn">
<doc>Logs the given message to the console.</doc>
<arguments>
<arg>${i}</arg>
</arguments>
<status status="PASS" starttime="20200512 23:38:55.916" endtime="20200512 23:38:55.916"></status>
</kw>
<kw name="Exit For Loop If" library="BuiltIn">
<doc>Stops executing the enclosing for loop if the ``condition`` is true.</doc>
<arguments>
<arg>${i}&gt;=4</arg>
</arguments>
<status status="PASS" starttime="20200512 23:38:55.916" endtime="20200512 23:38:55.916"></status>
</kw>
<status status="PASS" starttime="20200512 23:38:55.915" endtime="20200512 23:38:55.916"></status>
</kw>
<kw name="${i} = 4" type="foritem">
<kw name="Log To Console" library="BuiltIn">
<doc>Logs the given message to the console.</doc>
<arguments>
<arg>${i}</arg>
</arguments>
<status status="PASS" starttime="20200512 23:38:55.916" endtime="20200512 23:38:55.917"></status>
</kw>
<kw name="Exit For Loop If" library="BuiltIn">
<doc>Stops executing the enclosing for loop if the ``condition`` is true.</doc>
<arguments>
<arg>${i}&gt;=4</arg>
</arguments>
<msg timestamp="20200512 23:38:55.917" level="INFO">Exiting for loop altogether.</msg>
<status status="PASS" starttime="20200512 23:38:55.917" endtime="20200512 23:38:55.917"></status>
</kw>
<status status="PASS" starttime="20200512 23:38:55.916" endtime="20200512 23:38:55.917"></status>
</kw>
<status status="PASS" starttime="20200512 23:38:55.911" endtime="20200512 23:38:55.917"></status>
</kw>
<status status="PASS" starttime="20200512 23:38:55.910" endtime="20200512 23:38:55.918" critical="yes"></status>
</test>
<status status="PASS" starttime="20200512 23:38:55.881" endtime="20200512 23:38:55.920"></status>
</suite>
<statistics>
<total>
<stat pass="1" fail="0">Critical Tests</stat>
<stat pass="1" fail="0">All Tests</stat>
</total>
<tag>
</tag>
<suite>
<stat pass="1" fail="0" id="s1" name="Exitforloopif">Exitforloopif</stat>
</suite>
</statistics>
<errors>
</errors>
</robot>
