<?xml version="1.0" encoding="UTF-8"?>
<robot generator="Robot 3.2.1 (Python 3.8.2 on win32)" generated="20200521 23:05:35.646" rpa="false">
<suite id="s1" name="SeleniumLibrary CaptureElement" source="C:\development\robot-scripts\MyProgram\Tests\SeleniumRobot\SeleniumLibrary_CaptureElement.robot">
<test id="s1-t1" name="TC1">
<kw name="Open Browser" library="SeleniumLibrary">
<doc>Opens a new browser instance to the optional ``url``.</doc>
<arguments>
<arg>https://the-internet.herokuapp.com/</arg>
<arg>chrome</arg>
</arguments>
<msg timestamp="20200521 23:05:36.041" level="INFO">Opening browser 'chrome' to base url 'https://the-internet.herokuapp.com/'.</msg>
<status status="PASS" starttime="20200521 23:05:36.041" endtime="20200521 23:05:43.443"></status>
</kw>
<kw name="Click Element" library="SeleniumLibrary">
<doc>Click the element identified by ``locator``.</doc>
<arguments>
<arg>xpath://a[@href="/disappearing_elements"]</arg>
</arguments>
<msg timestamp="20200521 23:05:43.444" level="INFO">Clicking element 'xpath://a[@href="/disappearing_elements"]'.</msg>
<status status="PASS" starttime="20200521 23:05:43.443" endtime="20200521 23:05:43.911"></status>
</kw>
<kw name="Sleep" library="BuiltIn">
<doc>Pauses the test executed for the given time.</doc>
<arguments>
<arg>2s</arg>
<arg>reason=To Take Element Screenshot</arg>
</arguments>
<msg timestamp="20200521 23:05:45.914" level="INFO">Slept 2 seconds</msg>
<msg timestamp="20200521 23:05:45.914" level="INFO">To Take Element Screenshot</msg>
<status status="PASS" starttime="20200521 23:05:43.912" endtime="20200521 23:05:45.914"></status>
</kw>
<kw name="Capture Element Screenshot" library="SeleniumLibrary">
<doc>Captures a screenshot from the element identified by ``locator`` and embeds it into log file.</doc>
<arguments>
<arg>xpath://h3[contains(text(),"Disappearing")]</arg>
<arg>filename=disappearing-element.png</arg>
</arguments>
<msg timestamp="20200521 23:05:46.214" level="INFO" html="yes">&lt;/td&gt;&lt;/tr&gt;&lt;tr&gt;&lt;td colspan="3"&gt;&lt;a href="disappearing-element.png"&gt;&lt;img src="disappearing-element.png" width="400px"&gt;&lt;/a&gt;</msg>
<status status="PASS" starttime="20200521 23:05:45.915" endtime="20200521 23:05:46.215"></status>
</kw>
<kw name="Sleep" library="BuiltIn">
<doc>Pauses the test executed for the given time.</doc>
<arguments>
<arg>2s</arg>
<arg>reason=Screenshot Done</arg>
</arguments>
<msg timestamp="20200521 23:05:48.217" level="INFO">Slept 2 seconds</msg>
<msg timestamp="20200521 23:05:48.217" level="INFO">Screenshot Done</msg>
<status status="PASS" starttime="20200521 23:05:46.216" endtime="20200521 23:05:48.217"></status>
</kw>
<kw name="Close Browser" library="SeleniumLibrary">
<doc>Closes the current browser.</doc>
<status status="PASS" starttime="20200521 23:05:48.217" endtime="20200521 23:05:51.067"></status>
</kw>
<status status="PASS" starttime="20200521 23:05:36.040" endtime="20200521 23:05:51.068" critical="yes"></status>
</test>
<status status="PASS" starttime="20200521 23:05:35.654" endtime="20200521 23:05:51.072"></status>
</suite>
<statistics>
<total>
<stat pass="1" fail="0">Critical Tests</stat>
<stat pass="1" fail="0">All Tests</stat>
</total>
<tag>
</tag>
<suite>
<stat pass="1" fail="0" id="s1" name="SeleniumLibrary CaptureElement">SeleniumLibrary CaptureElement</stat>
</suite>
</statistics>
<errors>
</errors>
</robot>
