<?xml version="1.0" encoding="UTF-8"?>
<robot generator="Robot 3.2rc2 (Python 3.8.2 on win32)" generated="20200425 11:25:52.884" rpa="false">
<suite id="s1" name="ConvertToOctal" source="C:\development\robot-scripts\amazon\Tests\ConvertToOctal.robot">
<test id="s1-t1" name="Test Case 1">
<kw name="Convert To Octal" library="BuiltIn">
<doc>Converts the given item to an octal string.</doc>
<arguments>
<arg>10</arg>
</arguments>
<assign>
<var>${ConToOct1}</var>
</assign>
<msg timestamp="20200425 11:25:52.957" level="INFO">${ConToOct1} = 12</msg>
<status status="PASS" starttime="20200425 11:25:52.956" endtime="20200425 11:25:52.957"></status>
</kw>
<kw name="Convert To Octal" library="BuiltIn">
<doc>Converts the given item to an octal string.</doc>
<arguments>
<arg>F</arg>
<arg>base=16</arg>
<arg>prefix=0</arg>
</arguments>
<assign>
<var>${ConToOct2}</var>
</assign>
<msg timestamp="20200425 11:25:52.958" level="INFO">${ConToOct2} = 017</msg>
<status status="PASS" starttime="20200425 11:25:52.958" endtime="20200425 11:25:52.958"></status>
</kw>
<kw name="Convert To Octal" library="BuiltIn">
<doc>Converts the given item to an octal string.</doc>
<arguments>
<arg>16</arg>
<arg>base=16</arg>
<arg>prefix=oct</arg>
<arg>length=4</arg>
</arguments>
<assign>
<var>${ConToOct3}</var>
</assign>
<msg timestamp="20200425 11:25:52.959" level="INFO">${ConToOct3} = oct0026</msg>
<status status="PASS" starttime="20200425 11:25:52.959" endtime="20200425 11:25:52.959"></status>
</kw>
<kw name="Log Many" library="BuiltIn">
<doc>Logs the given messages as separate entries using the INFO level.</doc>
<arguments>
<arg>${ConToOct1}</arg>
<arg>${ConToOct2}</arg>
<arg>${ConToOct3}</arg>
</arguments>
<msg timestamp="20200425 11:25:52.960" level="INFO">12</msg>
<msg timestamp="20200425 11:25:52.960" level="INFO">017</msg>
<msg timestamp="20200425 11:25:52.961" level="INFO">oct0026</msg>
<status status="PASS" starttime="20200425 11:25:52.960" endtime="20200425 11:25:52.961"></status>
</kw>
<status status="PASS" starttime="20200425 11:25:52.955" endtime="20200425 11:25:52.962" critical="yes"></status>
</test>
<doc>Converts the given item to a floating point number.</doc>
<status status="PASS" starttime="20200425 11:25:52.891" endtime="20200425 11:25:52.964"></status>
</suite>
<statistics>
<total>
<stat pass="1" fail="0">Critical Tests</stat>
<stat pass="1" fail="0">All Tests</stat>
</total>
<tag>
</tag>
<suite>
<stat pass="1" fail="0" id="s1" name="ConvertToOctal">ConvertToOctal</stat>
</suite>
</statistics>
<errors>
</errors>
</robot>
