<?xml version="1.0" encoding="UTF-8"?>
<robot generator="Robot 3.2rc2 (Python 3.8.2 on win32)" generated="20200425 11:10:55.276" rpa="false">
<suite id="s1" name="ConvertToNumber" source="C:\development\robot-scripts\amazon\Tests\ConvertToNumber.robot">
<test id="s1-t1" name="Test Case 1">
<kw name="Convert To Number" library="BuiltIn">
<doc>Converts the given item to a floating point number.</doc>
<arguments>
<arg>42.512</arg>
</arguments>
<assign>
<var>${DecToNum1}</var>
</assign>
<msg timestamp="20200425 11:10:55.312" level="INFO">${DecToNum1} = 42.512</msg>
<status status="PASS" starttime="20200425 11:10:55.312" endtime="20200425 11:10:55.312"></status>
</kw>
<kw name="Convert To Number" library="BuiltIn">
<doc>Converts the given item to a floating point number.</doc>
<arguments>
<arg>42.512</arg>
<arg>1</arg>
</arguments>
<assign>
<var>${DecToNum2}</var>
</assign>
<msg timestamp="20200425 11:10:55.313" level="INFO">${DecToNum2} = 42.5</msg>
<status status="PASS" starttime="20200425 11:10:55.313" endtime="20200425 11:10:55.313"></status>
</kw>
<kw name="Convert To Number" library="BuiltIn">
<doc>Converts the given item to a floating point number.</doc>
<arguments>
<arg>42.512</arg>
<arg>0</arg>
</arguments>
<assign>
<var>${DecToNum3}</var>
</assign>
<msg timestamp="20200425 11:10:55.314" level="INFO">${DecToNum3} = 43.0</msg>
<status status="PASS" starttime="20200425 11:10:55.314" endtime="20200425 11:10:55.314"></status>
</kw>
<kw name="Convert To Number" library="BuiltIn">
<doc>Converts the given item to a floating point number.</doc>
<arguments>
<arg>42.512</arg>
<arg>-1</arg>
</arguments>
<assign>
<var>${DecToNum4}</var>
</assign>
<msg timestamp="20200425 11:10:55.315" level="INFO">${DecToNum4} = 40.0</msg>
<status status="PASS" starttime="20200425 11:10:55.315" endtime="20200425 11:10:55.315"></status>
</kw>
<kw name="Convert To Number" library="BuiltIn">
<doc>Converts the given item to a floating point number.</doc>
<arguments>
<arg>801.512</arg>
<arg>2</arg>
</arguments>
<assign>
<var>${DecToNum5}</var>
</assign>
<msg timestamp="20200425 11:10:55.316" level="INFO">${DecToNum5} = 801.51</msg>
<status status="PASS" starttime="20200425 11:10:55.316" endtime="20200425 11:10:55.316"></status>
</kw>
<kw name="Log" library="BuiltIn">
<doc>Logs the given message with the given level.</doc>
<arguments>
<arg>${DecToNum1}</arg>
</arguments>
<msg timestamp="20200425 11:10:55.317" level="INFO">42.512</msg>
<status status="PASS" starttime="20200425 11:10:55.316" endtime="20200425 11:10:55.317"></status>
</kw>
<kw name="Log" library="BuiltIn">
<doc>Logs the given message with the given level.</doc>
<arguments>
<arg>${DecToNum2}</arg>
</arguments>
<msg timestamp="20200425 11:10:55.318" level="INFO">42.5</msg>
<status status="PASS" starttime="20200425 11:10:55.317" endtime="20200425 11:10:55.318"></status>
</kw>
<kw name="Log" library="BuiltIn">
<doc>Logs the given message with the given level.</doc>
<arguments>
<arg>${DecToNum3}</arg>
</arguments>
<msg timestamp="20200425 11:10:55.319" level="INFO">43.0</msg>
<status status="PASS" starttime="20200425 11:10:55.318" endtime="20200425 11:10:55.319"></status>
</kw>
<kw name="Log" library="BuiltIn">
<doc>Logs the given message with the given level.</doc>
<arguments>
<arg>${DecToNum4}</arg>
</arguments>
<msg timestamp="20200425 11:10:55.319" level="INFO">40.0</msg>
<status status="PASS" starttime="20200425 11:10:55.319" endtime="20200425 11:10:55.319"></status>
</kw>
<kw name="Log" library="BuiltIn">
<doc>Logs the given message with the given level.</doc>
<arguments>
<arg>${DecToNum5}</arg>
</arguments>
<msg timestamp="20200425 11:10:55.321" level="INFO">801.51</msg>
<status status="PASS" starttime="20200425 11:10:55.320" endtime="20200425 11:10:55.321"></status>
</kw>
<status status="PASS" starttime="20200425 11:10:55.311" endtime="20200425 11:10:55.321" critical="yes"></status>
</test>
<doc>Converts the given item to a floating point number.</doc>
<status status="PASS" starttime="20200425 11:10:55.281" endtime="20200425 11:10:55.323"></status>
</suite>
<statistics>
<total>
<stat pass="1" fail="0">Critical Tests</stat>
<stat pass="1" fail="0">All Tests</stat>
</total>
<tag>
</tag>
<suite>
<stat pass="1" fail="0" id="s1" name="ConvertToNumber">ConvertToNumber</stat>
</suite>
</statistics>
<errors>
</errors>
</robot>
