<?xml version="1.0" encoding="UTF-8"?>
<robot generator="Robot 3.2.1 (Python 3.8.2 on win32)" generated="20200528 08:34:46.236" rpa="false">
<suite id="s1" name="SeleniumWaitForCondition" source="C:\development\robot-scripts\MyProgram\Tests\SeleniumRobot\WaitFunctions\SeleniumWaitForCondition.robot">
<test id="s1-t1" name="Wait For Condition Test Case">
<kw name="Open Browser" library="SeleniumLibrary">
<doc>Opens a new browser instance to the optional ``url``.</doc>
<arguments>
<arg>https://the-internet.herokuapp.com/add_remove_elements/</arg>
<arg>chrome</arg>
</arguments>
<msg timestamp="20200528 08:34:46.735" level="INFO">Opening browser 'chrome' to base url 'https://the-internet.herokuapp.com/add_remove_elements/'.</msg>
<status status="PASS" starttime="20200528 08:34:46.734" endtime="20200528 08:34:52.602"></status>
</kw>
<kw name="Wait For Condition" library="SeleniumLibrary">
<doc>Waits until ``condition`` is true or ``timeout`` expires.</doc>
<arguments>
<arg>document.title=="The Internet"</arg>
</arguments>
<kw name="Capture Page Screenshot" library="SeleniumLibrary">
<doc>Takes a screenshot of the current page and embeds it into a log file.</doc>
<msg timestamp="20200528 08:34:53.011" level="INFO" html="yes">&lt;/td&gt;&lt;/tr&gt;&lt;tr&gt;&lt;td colspan="3"&gt;&lt;a href="selenium-screenshot-5.png"&gt;&lt;img src="selenium-screenshot-5.png" width="800px"&gt;&lt;/a&gt;</msg>
<status status="PASS" starttime="20200528 08:34:52.603" endtime="20200528 08:34:53.011"></status>
</kw>
<msg timestamp="20200528 08:34:53.013" level="FAIL">ValueError: Condition 'document.title=="The Internet"' did not have mandatory 'return'.</msg>
<status status="FAIL" starttime="20200528 08:34:52.602" endtime="20200528 08:34:53.014"></status>
</kw>
<kw name="Close All Browsers" library="SeleniumLibrary" type="teardown">
<doc>Closes all open browsers and resets the browser cache.</doc>
<status status="PASS" starttime="20200528 08:34:53.014" endtime="20200528 08:34:55.245"></status>
</kw>
<status status="FAIL" starttime="20200528 08:34:46.733" endtime="20200528 08:34:55.246" critical="yes">ValueError: Condition 'document.title=="The Internet"' did not have mandatory 'return'.</status>
</test>
<status status="FAIL" starttime="20200528 08:34:46.246" endtime="20200528 08:34:55.247"></status>
</suite>
<statistics>
<total>
<stat pass="0" fail="1">Critical Tests</stat>
<stat pass="0" fail="1">All Tests</stat>
</total>
<tag>
</tag>
<suite>
<stat pass="0" fail="1" id="s1" name="SeleniumWaitForCondition">SeleniumWaitForCondition</stat>
</suite>
</statistics>
<errors>
</errors>
</robot>
