<?xml version="1.0" encoding="UTF-8"?>
<robot generator="Robot 3.2.1 (Python 3.8.2 on win32)" generated="20200522 11:08:35.562" rpa="false">
<suite id="s1" name="SeleniumImplicitWait" source="C:\development\robot-scripts\MyProgram\Tests\SeleniumRobot\WaitFunctions\SeleniumImplicitWait.robot">
<test id="s1-t1" name="Test Case Implicit Wait">
<kw name="Open Browser" library="SeleniumLibrary">
<doc>Opens a new browser instance to the optional ``url``.</doc>
<arguments>
<arg>https://the-internet.herokuapp.com/</arg>
<arg>chrome</arg>
</arguments>
<msg timestamp="20200522 11:08:36.108" level="INFO">Opening browser 'chrome' to base url 'https://the-internet.herokuapp.com/'.</msg>
<status status="PASS" starttime="20200522 11:08:36.107" endtime="20200522 11:08:48.001"></status>
</kw>
<kw name="Click Element" library="SeleniumLibrary">
<doc>Click the element identified by ``locator``.</doc>
<arguments>
<arg>xpath://a[@href="/upload"]</arg>
</arguments>
<msg timestamp="20200522 11:08:48.002" level="INFO">Clicking element 'xpath://a[@href="/upload"]'.</msg>
<status status="PASS" starttime="20200522 11:08:48.001" endtime="20200522 11:08:48.833"></status>
</kw>
<kw name="Set Browser Implicit Wait" library="SeleniumLibrary">
<doc>Sets the implicit wait value used by Selenium.</doc>
<arguments>
<arg>10s</arg>
</arguments>
<status status="PASS" starttime="20200522 11:08:48.833" endtime="20200522 11:08:48.836"></status>
</kw>
<kw name="Choose File" library="SeleniumLibrary">
<doc>Inputs the ``file_path`` into the file input field ``locator``.</doc>
<arguments>
<arg>id:file-upload</arg>
<arg>C:/Users/skadiyala/Pictures/UK/dog.jpg</arg>
</arguments>
<msg timestamp="20200522 11:08:48.838" level="INFO">Sending C:\Users\skadiyala\Pictures\UK\dog.jpg to browser.</msg>
<status status="PASS" starttime="20200522 11:08:48.837" endtime="20200522 11:08:48.935"></status>
</kw>
<kw name="Sleep" library="BuiltIn">
<doc>Pauses the test executed for the given time.</doc>
<arguments>
<arg>2s</arg>
</arguments>
<msg timestamp="20200522 11:08:50.937" level="INFO">Slept 2 seconds</msg>
<status status="PASS" starttime="20200522 11:08:48.935" endtime="20200522 11:08:50.937"></status>
</kw>
<kw name="Click Button" library="SeleniumLibrary">
<doc>Clicks the button identified by ``locator``.</doc>
<arguments>
<arg>id:file-submit</arg>
</arguments>
<msg timestamp="20200522 11:08:50.937" level="INFO">Clicking button 'id:file-submit'.</msg>
<status status="PASS" starttime="20200522 11:08:50.937" endtime="20200522 11:09:02.719"></status>
</kw>
<kw name="Sleep" library="BuiltIn">
<doc>Pauses the test executed for the given time.</doc>
<arguments>
<arg>10s</arg>
</arguments>
<msg timestamp="20200522 11:09:12.720" level="INFO">Slept 10 seconds</msg>
<status status="PASS" starttime="20200522 11:09:02.719" endtime="20200522 11:09:12.720"></status>
</kw>
<kw name="Close All Browsers" library="SeleniumLibrary" type="teardown">
<doc>Closes all open browsers and resets the browser cache.</doc>
<status status="PASS" starttime="20200522 11:09:12.721" endtime="20200522 11:09:14.980"></status>
</kw>
<status status="PASS" starttime="20200522 11:08:36.107" endtime="20200522 11:09:14.980" critical="yes"></status>
</test>
<status status="PASS" starttime="20200522 11:08:35.568" endtime="20200522 11:09:14.982"></status>
</suite>
<statistics>
<total>
<stat pass="1" fail="0">Critical Tests</stat>
<stat pass="1" fail="0">All Tests</stat>
</total>
<tag>
</tag>
<suite>
<stat pass="1" fail="0" id="s1" name="SeleniumImplicitWait">SeleniumImplicitWait</stat>
</suite>
</statistics>
<errors>
</errors>
</robot>
