<?xml version="1.0" encoding="UTF-8"?>
<robot generator="Robot 3.2.1 (Python 3.8.2 on win32)" generated="20200526 11:00:35.855" rpa="false">
<suite id="s1" name="SeleniumExplicitWait" source="C:\development\robot-scripts\MyProgram\Tests\SeleniumRobot\WaitFunctions\SeleniumExplicitWait.robot">
<test id="s1-t1" name="Test Case Explicit Wait">
<kw name="Open Browser" library="SeleniumLibrary">
<doc>Opens a new browser instance to the optional ``url``.</doc>
<arguments>
<arg>https://the-internet.herokuapp.com/</arg>
<arg>chrome</arg>
</arguments>
<msg timestamp="20200526 11:00:36.225" level="INFO">Opening browser 'chrome' to base url 'https://the-internet.herokuapp.com/'.</msg>
<status status="PASS" starttime="20200526 11:00:36.224" endtime="20200526 11:00:39.108"></status>
</kw>
<kw name="Wait Until Element Does Not Contain" library="SeleniumLibrary">
<doc>Waits until the element ``locator`` does not contain ``text``.</doc>
<arguments>
<arg>xpath://a[@href="/upload"]</arg>
<arg>File Upload</arg>
</arguments>
<kw name="Capture Page Screenshot" library="SeleniumLibrary">
<doc>Takes a screenshot of the current page and embeds it into a log file.</doc>
<msg timestamp="20200526 11:00:44.514" level="INFO" html="yes">&lt;/td&gt;&lt;/tr&gt;&lt;tr&gt;&lt;td colspan="3"&gt;&lt;a href="selenium-screenshot-1.png"&gt;&lt;img src="selenium-screenshot-1.png" width="800px"&gt;&lt;/a&gt;</msg>
<status status="PASS" starttime="20200526 11:00:44.206" endtime="20200526 11:00:44.515"></status>
</kw>
<msg timestamp="20200526 11:00:44.535" level="FAIL">Element with locator 'xpath://a[@href="/upload"]' not found.</msg>
<status status="FAIL" starttime="20200526 11:00:39.109" endtime="20200526 11:00:44.535"></status>
</kw>
<kw name="Close All Browsers" library="SeleniumLibrary" type="teardown">
<doc>Closes all open browsers and resets the browser cache.</doc>
<status status="PASS" starttime="20200526 11:00:44.535" endtime="20200526 11:00:46.671"></status>
</kw>
<status status="FAIL" starttime="20200526 11:00:36.223" endtime="20200526 11:00:46.671" critical="yes">Element with locator 'xpath://a[@href="/upload"]' not found.</status>
</test>
<status status="FAIL" starttime="20200526 11:00:35.857" endtime="20200526 11:00:46.672"></status>
</suite>
<statistics>
<total>
<stat pass="0" fail="1">Critical Tests</stat>
<stat pass="0" fail="1">All Tests</stat>
</total>
<tag>
</tag>
<suite>
<stat pass="0" fail="1" id="s1" name="SeleniumExplicitWait">SeleniumExplicitWait</stat>
</suite>
</statistics>
<errors>
</errors>
</robot>
