<?xml version="1.0" encoding="UTF-8"?>
<robot generator="Robot 3.2.1 (Python 3.8.2 on win32)" generated="20200516 01:24:43.483" rpa="false">
<suite id="s1" name="SeleniumLibrary CaptureScreen" source="C:\development\robot-scripts\MyProgram\Tests\SeleniumRobot\SeleniumLibrary_CaptureScreen.robot">
<test id="s1-t1" name="TC1">
<kw name="Open Browser" library="SeleniumLibrary">
<doc>Opens a new browser instance to the optional ``url``.</doc>
<arguments>
<arg>https://the-internet.herokuapp.com/</arg>
<arg>chrome</arg>
</arguments>
<msg timestamp="20200516 01:24:43.845" level="INFO">Opening browser 'chrome' to base url 'https://the-internet.herokuapp.com/'.</msg>
<status status="PASS" starttime="20200516 01:24:43.844" endtime="20200516 01:24:49.770"></status>
</kw>
<kw name="Click Element" library="SeleniumLibrary">
<doc>Click the element identified by ``locator``.</doc>
<arguments>
<arg>xpath://a[@href="/disappearing_elements"]</arg>
</arguments>
<msg timestamp="20200516 01:24:49.770" level="INFO">Clicking element 'xpath://a[@href="/disappearing_elements"]'.</msg>
<status status="PASS" starttime="20200516 01:24:49.770" endtime="20200516 01:24:50.218"></status>
</kw>
<kw name="Sleep" library="BuiltIn">
<doc>Pauses the test executed for the given time.</doc>
<arguments>
<arg>2s</arg>
<arg>reason=To Take Element Screenshot</arg>
</arguments>
<msg timestamp="20200516 01:24:52.220" level="INFO">Slept 2 seconds</msg>
<msg timestamp="20200516 01:24:52.220" level="INFO">To Take Element Screenshot</msg>
<status status="PASS" starttime="20200516 01:24:50.219" endtime="20200516 01:24:52.220"></status>
</kw>
<kw name="Capture Page Screenshot" library="SeleniumLibrary">
<doc>Takes a screenshot of the current page and embeds it into a log file.</doc>
<arguments>
<arg>filename=disappearing-page-screenshot-index.png</arg>
</arguments>
<msg timestamp="20200516 01:24:52.524" level="INFO" html="yes">&lt;/td&gt;&lt;/tr&gt;&lt;tr&gt;&lt;td colspan="3"&gt;&lt;a href="disappearing-page-screenshot-index.png"&gt;&lt;img src="disappearing-page-screenshot-index.png" width="800px"&gt;&lt;/a&gt;</msg>
<status status="PASS" starttime="20200516 01:24:52.221" endtime="20200516 01:24:52.524"></status>
</kw>
<kw name="Sleep" library="BuiltIn">
<doc>Pauses the test executed for the given time.</doc>
<arguments>
<arg>2s</arg>
<arg>reason=Screenshot Done</arg>
</arguments>
<msg timestamp="20200516 01:24:54.526" level="INFO">Slept 2 seconds</msg>
<msg timestamp="20200516 01:24:54.526" level="INFO">Screenshot Done</msg>
<status status="PASS" starttime="20200516 01:24:52.525" endtime="20200516 01:24:54.526"></status>
</kw>
<kw name="Close Browser" library="SeleniumLibrary">
<doc>Closes the current browser.</doc>
<status status="PASS" starttime="20200516 01:24:54.526" endtime="20200516 01:24:56.726"></status>
</kw>
<status status="PASS" starttime="20200516 01:24:43.844" endtime="20200516 01:24:56.727" critical="yes"></status>
</test>
<status status="PASS" starttime="20200516 01:24:43.489" endtime="20200516 01:24:56.729"></status>
</suite>
<statistics>
<total>
<stat pass="1" fail="0">Critical Tests</stat>
<stat pass="1" fail="0">All Tests</stat>
</total>
<tag>
</tag>
<suite>
<stat pass="1" fail="0" id="s1" name="SeleniumLibrary CaptureScreen">SeleniumLibrary CaptureScreen</stat>
</suite>
</statistics>
<errors>
</errors>
</robot>
