<?xml version="1.0" encoding="UTF-8"?>
<robot generator="Robot 3.2 (Python 3.8.2 on win32)" generated="20200428 09:54:17.496" rpa="false">
<suite id="s1" name="ExtResTC1" source="C:\development\robot-scripts\MyProgram\Tests\ExtResource\ExtResTC1.robot">
<test id="s1-t1" name="Test Case 1">
<kw name="Run Keyword" library="BuiltIn">
<doc>Executes the given keyword with the given arguments.</doc>
<arguments>
<arg>UserKeyword2</arg>
</arguments>
<kw name="UserKeyword2" library="UserKeywords">
<kw name="Log" library="BuiltIn">
<doc>Logs the given message with the given level.</doc>
<arguments>
<arg>This is Keyword Two</arg>
</arguments>
<msg timestamp="20200428 09:54:17.537" level="INFO">This is Keyword Two</msg>
<status status="PASS" starttime="20200428 09:54:17.537" endtime="20200428 09:54:17.537"></status>
</kw>
<status status="PASS" starttime="20200428 09:54:17.536" endtime="20200428 09:54:17.537"></status>
</kw>
<status status="PASS" starttime="20200428 09:54:17.536" endtime="20200428 09:54:17.537"></status>
</kw>
<status status="PASS" starttime="20200428 09:54:17.535" endtime="20200428 09:54:17.537" critical="yes"></status>
</test>
<status status="PASS" starttime="20200428 09:54:17.501" endtime="20200428 09:54:17.539"></status>
</suite>
<statistics>
<total>
<stat pass="1" fail="0">Critical Tests</stat>
<stat pass="1" fail="0">All Tests</stat>
</total>
<tag>
</tag>
<suite>
<stat pass="1" fail="0" id="s1" name="ExtResTC1">ExtResTC1</stat>
</suite>
</statistics>
<errors>
</errors>
</robot>
