<?xml version="1.0" encoding="UTF-8"?>
<robot generator="Robot 3.1.2 (Python 3.8.2 on win32)" generated="20200423 12:36:34.879" rpa="false">
<suite id="s1" name="Amazon" source="C:\development\robot-scripts\amazon\Tests\Amazon.robot">
<test id="s1-t1" name="User must sign in to Amazon to Checkout">
<kw name="Open Browser" library="SeleniumLibrary">
<doc>Opens a new browser instance to the optional ``url``.</doc>
<arguments>
<arg>http://www.amazon.in</arg>
<arg>firefox</arg>
</arguments>
<msg timestamp="20200423 12:36:35.200" level="INFO">Opening browser 'firefox' to base url 'http://www.amazon.in'.</msg>
<msg timestamp="20200423 12:36:35.202" level="INFO">Firefox driver log is always forced to to: C:\development\robot-scripts\amazon\Results\Firefox\geckodriver-1.log</msg>
<status status="PASS" starttime="20200423 12:36:35.199" endtime="20200423 12:36:42.391"></status>
</kw>
<kw name="Sleep" library="BuiltIn">
<doc>Pauses the test executed for the given time.</doc>
<arguments>
<arg>20s</arg>
</arguments>
<msg timestamp="20200423 12:37:02.393" level="INFO">Slept 20 seconds</msg>
<status status="PASS" starttime="20200423 12:36:42.392" endtime="20200423 12:37:02.393"></status>
</kw>
<kw name="Close Browser" library="SeleniumLibrary">
<doc>Closes the current browser.</doc>
<status status="PASS" starttime="20200423 12:37:02.393" endtime="20200423 12:37:05.104"></status>
</kw>
<doc>This is basic test</doc>
<tags>
<tag>Smoke</tag>
</tags>
<status status="PASS" starttime="20200423 12:36:35.199" endtime="20200423 12:37:05.104" critical="yes"></status>
</test>
<doc>This is basic info about whole suite</doc>
<status status="PASS" starttime="20200423 12:36:34.886" endtime="20200423 12:37:05.106"></status>
</suite>
<statistics>
<total>
<stat pass="1" fail="0">Critical Tests</stat>
<stat pass="1" fail="0">All Tests</stat>
</total>
<tag>
<stat pass="1" fail="0">Smoke</stat>
</tag>
<suite>
<stat pass="1" fail="0" id="s1" name="Amazon">Amazon</stat>
</suite>
</statistics>
<errors>
</errors>
</robot>
