<?xml version="1.0" encoding="UTF-8"?>
<robot generator="Robot 3.2.1 (Python 3.8.2 on win32)" generated="20200513 22:41:00.867" rpa="false">
<suite id="s1" name="Elements" source="C:\development\robot-scripts\MyProgram\Tests\SeleniumRobot\Elements.robot">
<test id="s1-t1" name="TC1">
<kw name="Open Browser" library="SeleniumLibrary">
<doc>Opens a new browser instance to the optional ``url``.</doc>
<arguments>
<arg>http://khanabook.weebly.com/store/c1/Featured_Products.html</arg>
<arg>chrome</arg>
</arguments>
<msg timestamp="20200513 22:41:01.216" level="INFO">Opening browser 'chrome' to base url 'http://khanabook.weebly.com/store/c1/Featured_Products.html'.</msg>
<status status="PASS" starttime="20200513 22:41:01.216" endtime="20200513 22:41:06.404"></status>
</kw>
<kw name="Page Should Contain Element" library="SeleniumLibrary">
<doc>Verifies that element ``locator`` is found on the current page.</doc>
<arguments>
<arg>tag:body</arg>
</arguments>
<msg timestamp="20200513 22:41:06.421" level="INFO">Current page contains element 'tag:body'.</msg>
<status status="PASS" starttime="20200513 22:41:06.405" endtime="20200513 22:41:06.421"></status>
</kw>
<status status="PASS" starttime="20200513 22:41:01.215" endtime="20200513 22:41:06.421" critical="yes"></status>
</test>
<status status="PASS" starttime="20200513 22:41:00.875" endtime="20200513 22:41:06.424"></status>
</suite>
<statistics>
<total>
<stat pass="1" fail="0">Critical Tests</stat>
<stat pass="1" fail="0">All Tests</stat>
</total>
<tag>
</tag>
<suite>
<stat pass="1" fail="0" id="s1" name="Elements">Elements</stat>
</suite>
</statistics>
<errors>
</errors>
</robot>
