<?xml version="1.0" encoding="UTF-8"?>
<robot generator="Robot 3.2rc2 (Python 3.8.2 on win32)" generated="20200424 12:20:27.805" rpa="false">
<suite id="s1" name="Variables" source="C:\development\robot-scripts\amazon\Tests\variables.robot">
<test id="s1-t1" name="Test Case 1">
<kw name="Set Variable" library="BuiltIn">
<doc>Returns the given values which can then be assigned to a variables.</doc>
<arguments>
<arg>Srinivas</arg>
</arguments>
<assign>
<var>${fname}</var>
</assign>
<msg timestamp="20200424 12:20:27.858" level="INFO">${fname} = Srinivas</msg>
<status status="PASS" starttime="20200424 12:20:27.858" endtime="20200424 12:20:27.858"></status>
</kw>
<kw name="Set Variable" library="BuiltIn">
<doc>Returns the given values which can then be assigned to a variables.</doc>
<arguments>
<arg>kadiyala</arg>
</arguments>
<assign>
<var>${lname}</var>
</assign>
<msg timestamp="20200424 12:20:27.859" level="INFO">${lname} = kadiyala</msg>
<status status="PASS" starttime="20200424 12:20:27.858" endtime="20200424 12:20:27.859"></status>
</kw>
<kw name="Log" library="BuiltIn">
<doc>Logs the given message with the given level.</doc>
<arguments>
<arg>${fname}</arg>
</arguments>
<msg timestamp="20200424 12:20:27.859" level="INFO">Srinivas</msg>
<status status="PASS" starttime="20200424 12:20:27.859" endtime="20200424 12:20:27.859"></status>
</kw>
<kw name="Log" library="BuiltIn">
<doc>Logs the given message with the given level.</doc>
<arguments>
<arg>${lname}</arg>
</arguments>
<msg timestamp="20200424 12:20:27.860" level="INFO">kadiyala</msg>
<status status="PASS" starttime="20200424 12:20:27.860" endtime="20200424 12:20:27.860"></status>
</kw>
<status status="PASS" starttime="20200424 12:20:27.857" endtime="20200424 12:20:27.861" critical="yes"></status>
</test>
<status status="PASS" starttime="20200424 12:20:27.810" endtime="20200424 12:20:27.862"></status>
</suite>
<statistics>
<total>
<stat pass="1" fail="0">Critical Tests</stat>
<stat pass="1" fail="0">All Tests</stat>
</total>
<tag>
</tag>
<suite>
<stat pass="1" fail="0" id="s1" name="Variables">Variables</stat>
</suite>
</statistics>
<errors>
</errors>
</robot>
