<?xml version="1.0" encoding="UTF-8"?>
<robot generator="Robot 3.2rc2 (Python 3.8.2 on win32)" generated="20200424 12:29:56.641" rpa="false">
<suite id="s1" name="Set Variable If" source="C:\development\robot-scripts\amazon\Tests\set_variable_if.robot">
<test id="s1-t1" name="Test Case 1">
<kw name="Set Variable If" library="BuiltIn">
<doc>Sets variable based on the given condition.</doc>
<arguments>
<arg>1==1</arg>
<arg>Srinivas</arg>
<arg>Kadiyala</arg>
</arguments>
<assign>
<var>${a}</var>
</assign>
<msg timestamp="20200424 12:29:56.681" level="INFO">${a} = Srinivas</msg>
<status status="PASS" starttime="20200424 12:29:56.681" endtime="20200424 12:29:56.681"></status>
</kw>
<kw name="Log" library="BuiltIn">
<doc>Logs the given message with the given level.</doc>
<arguments>
<arg>${a}</arg>
</arguments>
<msg timestamp="20200424 12:29:56.682" level="INFO">Srinivas</msg>
<status status="PASS" starttime="20200424 12:29:56.682" endtime="20200424 12:29:56.682"></status>
</kw>
<status status="PASS" starttime="20200424 12:29:56.680" endtime="20200424 12:29:56.683" critical="yes"></status>
</test>
<test id="s1-t2" name="Test Case 2">
<kw name="Set Variable If" library="BuiltIn">
<doc>Sets variable based on the given condition.</doc>
<arguments>
<arg>1==2</arg>
<arg>Srinivas</arg>
<arg>Kadiyala</arg>
</arguments>
<assign>
<var>${b}</var>
</assign>
<msg timestamp="20200424 12:29:56.686" level="INFO">${b} = Kadiyala</msg>
<status status="PASS" starttime="20200424 12:29:56.686" endtime="20200424 12:29:56.686"></status>
</kw>
<kw name="Log" library="BuiltIn">
<doc>Logs the given message with the given level.</doc>
<arguments>
<arg>${b}</arg>
</arguments>
<msg timestamp="20200424 12:29:56.687" level="INFO">Kadiyala</msg>
<status status="PASS" starttime="20200424 12:29:56.686" endtime="20200424 12:29:56.687"></status>
</kw>
<status status="PASS" starttime="20200424 12:29:56.685" endtime="20200424 12:29:56.687" critical="yes"></status>
</test>
<status status="PASS" starttime="20200424 12:29:56.648" endtime="20200424 12:29:56.689"></status>
</suite>
<statistics>
<total>
<stat pass="2" fail="0">Critical Tests</stat>
<stat pass="2" fail="0">All Tests</stat>
</total>
<tag>
</tag>
<suite>
<stat pass="2" fail="0" id="s1" name="Set Variable If">Set Variable If</stat>
</suite>
</statistics>
<errors>
</errors>
</robot>
