<?xml version="1.0" encoding="UTF-8"?>
<robot generator="Robot 3.2.1 (Python 3.8.2 on win32)" generated="20200528 09:17:05.837" rpa="false">
<suite id="s1" name="SeleniumSetSeleniumTimeout" source="C:\development\robot-scripts\MyProgram\Tests\SeleniumRobot\WaitFunctions\SeleniumSetSeleniumTimeout.robot">
<test id="s1-t1" name="Set Selenium Timeout Test Case">
<kw name="Open Browser" library="SeleniumLibrary">
<doc>Opens a new browser instance to the optional ``url``.</doc>
<arguments>
<arg>https://the-internet.herokuapp.com/add_remove_elements/</arg>
<arg>chrome</arg>
</arguments>
<msg timestamp="20200528 09:17:06.207" level="INFO">Opening browser 'chrome' to base url 'https://the-internet.herokuapp.com/add_remove_elements/'.</msg>
<status status="PASS" starttime="20200528 09:17:06.207" endtime="20200528 09:17:13.099"></status>
</kw>
<kw name="Set Selenium Timeout" library="SeleniumLibrary">
<doc>Sets the timeout that is used by various keywords.</doc>
<arguments>
<arg>30s</arg>
</arguments>
<status status="PASS" starttime="20200528 09:17:13.099" endtime="20200528 09:17:13.102"></status>
</kw>
<kw name="Click Button" library="SeleniumLibrary">
<doc>Clicks the button identified by ``locator``.</doc>
<arguments>
<arg>//button[contains(text(),'Add Element')]</arg>
</arguments>
<msg timestamp="20200528 09:17:13.103" level="INFO">Clicking button '//button[contains(text(),'Add Element')]'.</msg>
<status status="PASS" starttime="20200528 09:17:13.102" endtime="20200528 09:17:13.195"></status>
</kw>
<kw name="Wait Until Element Is Visible" library="SeleniumLibrary">
<doc>Waits until the element ``locator`` is visible.</doc>
<arguments>
<arg>//button[@class='added-manually']</arg>
</arguments>
<status status="PASS" starttime="20200528 09:17:13.195" endtime="20200528 09:17:13.235"></status>
</kw>
<kw name="Close All Browsers" library="SeleniumLibrary" type="teardown">
<doc>Closes all open browsers and resets the browser cache.</doc>
<status status="PASS" starttime="20200528 09:17:13.236" endtime="20200528 09:17:15.396"></status>
</kw>
<status status="PASS" starttime="20200528 09:17:06.207" endtime="20200528 09:17:15.396" critical="yes"></status>
</test>
<status status="PASS" starttime="20200528 09:17:05.855" endtime="20200528 09:17:15.397"></status>
</suite>
<statistics>
<total>
<stat pass="1" fail="0">Critical Tests</stat>
<stat pass="1" fail="0">All Tests</stat>
</total>
<tag>
</tag>
<suite>
<stat pass="1" fail="0" id="s1" name="SeleniumSetSeleniumTimeout">SeleniumSetSeleniumTimeout</stat>
</suite>
</statistics>
<errors>
</errors>
</robot>
