<?xml version="1.0" encoding="UTF-8"?>
<robot generator="Robot 3.1.2 (Python 3.8.2 on win32)" generated="20200424 08:29:25.781" rpa="false">
<suite id="s1" name="Amazon" source="C:\development\robot-scripts\amazon\Tests\Amazon.robot">
<test id="s1-t1" name="User must sign in to Amazon to Checkout">
<kw name="Open Browser" library="SeleniumLibrary">
<doc>Opens a new browser instance to the optional ``url``.</doc>
<arguments>
<arg>http://www.amazon.in</arg>
<arg>ie</arg>
</arguments>
<msg timestamp="20200424 08:29:26.099" level="INFO">Opening browser 'ie' to base url 'http://www.amazon.in'.</msg>
<kw name="Capture Page Screenshot" library="SeleniumLibrary">
<doc>Takes a screenshot of the current page and embeds it into a log file.</doc>
<msg timestamp="20200424 08:29:28.365" level="INFO">Cannot capture screenshot because no browser is open.</msg>
<status status="PASS" starttime="20200424 08:29:28.365" endtime="20200424 08:29:28.365"></status>
</kw>
<msg timestamp="20200424 08:29:28.373" level="FAIL">SessionNotCreatedException: Message: Unexpected error launching Internet Explorer. Browser zoom level was set to 125%. It should be set to 100%
</msg>
<status status="FAIL" starttime="20200424 08:29:26.098" endtime="20200424 08:29:28.373"></status>
</kw>
<doc>This is basic test</doc>
<tags>
<tag>Smoke</tag>
</tags>
<status status="FAIL" starttime="20200424 08:29:26.097" endtime="20200424 08:29:28.374" critical="yes">SessionNotCreatedException: Message: Unexpected error launching Internet Explorer. Browser zoom level was set to 125%. It should be set to 100%
</status>
</test>
<doc>This is basic info about whole suite</doc>
<status status="FAIL" starttime="20200424 08:29:25.786" endtime="20200424 08:29:28.377"></status>
</suite>
<statistics>
<total>
<stat pass="0" fail="1">Critical Tests</stat>
<stat pass="0" fail="1">All Tests</stat>
</total>
<tag>
<stat pass="0" fail="1">Smoke</stat>
</tag>
<suite>
<stat pass="0" fail="1" id="s1" name="Amazon">Amazon</stat>
</suite>
</statistics>
<errors>
</errors>
</robot>
