<?xml version="1.0" encoding="UTF-8"?>
<robot generator="Robot 3.2rc2 (Python 3.8.2 on win32)" generated="20200427 09:17:39.098" rpa="false">
<suite id="s1" name="ScalarVariables" source="C:\development\robot-scripts\amazon\Tests\ScalarVariables.robot">
<test id="s1-t1" name="Test Case 1">
<kw name="Log Many" library="BuiltIn">
<doc>Logs the given messages as separate entries using the INFO level.</doc>
<arguments>
<arg>${scalarvar1}</arg>
<arg>${ScalarVar2}</arg>
</arguments>
<msg timestamp="20200427 09:17:39.156" level="INFO">100</msg>
<msg timestamp="20200427 09:17:39.156" level="INFO">Srinivas</msg>
<status status="PASS" starttime="20200427 09:17:39.155" endtime="20200427 09:17:39.156"></status>
</kw>
<doc>This is to import scalar variables</doc>
<status status="PASS" starttime="20200427 09:17:39.154" endtime="20200427 09:17:39.156" critical="yes"></status>
</test>
<test id="s1-t2" name="Test Case 2">
<kw name="Log Many" library="BuiltIn">
<doc>Logs the given messages as separate entries using the INFO level.</doc>
<arguments>
<arg>${scalarvar1}</arg>
<arg>${ScalarVar2}</arg>
</arguments>
<msg timestamp="20200427 09:17:39.159" level="INFO">100</msg>
<msg timestamp="20200427 09:17:39.159" level="INFO">Srinivas</msg>
<status status="PASS" starttime="20200427 09:17:39.159" endtime="20200427 09:17:39.159"></status>
</kw>
<doc>This is to import scalar variables</doc>
<status status="PASS" starttime="20200427 09:17:39.158" endtime="20200427 09:17:39.160" critical="yes"></status>
</test>
<doc>Scalar Variables is to define the Variables at Global Level</doc>
<status status="PASS" starttime="20200427 09:17:39.106" endtime="20200427 09:17:39.161"></status>
</suite>
<statistics>
<total>
<stat pass="2" fail="0">Critical Tests</stat>
<stat pass="2" fail="0">All Tests</stat>
</total>
<tag>
</tag>
<suite>
<stat pass="2" fail="0" id="s1" name="ScalarVariables">ScalarVariables</stat>
</suite>
</statistics>
<errors>
</errors>
</robot>
