<?xml version="1.0" encoding="UTF-8"?>
<robot generator="Robot 3.1.2 (Python 3.8.2 on win32)" generated="20200424 10:26:20.307" rpa="false">
<suite id="s1" name="Common Keywords" source="C:\development\robot-scripts\amazon\Tests\common_keywords.robot">
<test id="s1-t1" name="Test Case 1">
<kw name="CommonLogMessage">
<kw name="Log" library="BuiltIn">
<doc>Logs the given message with the given level.</doc>
<arguments>
<arg>Srinivas</arg>
</arguments>
<msg timestamp="20200424 10:26:20.342" level="INFO">Srinivas</msg>
<status status="PASS" starttime="20200424 10:26:20.342" endtime="20200424 10:26:20.342"></status>
</kw>
<kw name="Log" library="BuiltIn">
<doc>Logs the given message with the given level.</doc>
<arguments>
<arg>Kadiyala</arg>
</arguments>
<msg timestamp="20200424 10:26:20.343" level="INFO">Kadiyala</msg>
<status status="PASS" starttime="20200424 10:26:20.342" endtime="20200424 10:26:20.343"></status>
</kw>
<status status="PASS" starttime="20200424 10:26:20.342" endtime="20200424 10:26:20.343"></status>
</kw>
<status status="PASS" starttime="20200424 10:26:20.341" endtime="20200424 10:26:20.343" critical="yes"></status>
</test>
<test id="s1-t2" name="Test Case 2">
<kw name="CommonLogMessage">
<kw name="Log" library="BuiltIn">
<doc>Logs the given message with the given level.</doc>
<arguments>
<arg>Srinivas</arg>
</arguments>
<msg timestamp="20200424 10:26:20.345" level="INFO">Srinivas</msg>
<status status="PASS" starttime="20200424 10:26:20.345" endtime="20200424 10:26:20.345"></status>
</kw>
<kw name="Log" library="BuiltIn">
<doc>Logs the given message with the given level.</doc>
<arguments>
<arg>Kadiyala</arg>
</arguments>
<msg timestamp="20200424 10:26:20.346" level="INFO">Kadiyala</msg>
<status status="PASS" starttime="20200424 10:26:20.346" endtime="20200424 10:26:20.346"></status>
</kw>
<status status="PASS" starttime="20200424 10:26:20.345" endtime="20200424 10:26:20.346"></status>
</kw>
<status status="PASS" starttime="20200424 10:26:20.345" endtime="20200424 10:26:20.346" critical="yes"></status>
</test>
<test id="s1-t3" name="Test Case 3">
<kw name="CommonLogMessage">
<kw name="Log" library="BuiltIn">
<doc>Logs the given message with the given level.</doc>
<arguments>
<arg>Srinivas</arg>
</arguments>
<msg timestamp="20200424 10:26:20.351" level="INFO">Srinivas</msg>
<status status="PASS" starttime="20200424 10:26:20.351" endtime="20200424 10:26:20.351"></status>
</kw>
<kw name="Log" library="BuiltIn">
<doc>Logs the given message with the given level.</doc>
<arguments>
<arg>Kadiyala</arg>
</arguments>
<msg timestamp="20200424 10:26:20.351" level="INFO">Kadiyala</msg>
<status status="PASS" starttime="20200424 10:26:20.351" endtime="20200424 10:26:20.351"></status>
</kw>
<status status="PASS" starttime="20200424 10:26:20.350" endtime="20200424 10:26:20.351"></status>
</kw>
<status status="PASS" starttime="20200424 10:26:20.350" endtime="20200424 10:26:20.352" critical="yes"></status>
</test>
<doc>This is about Common Keywords Usage in Test Cases</doc>
<status status="PASS" starttime="20200424 10:26:20.312" endtime="20200424 10:26:20.354"></status>
</suite>
<statistics>
<total>
<stat pass="3" fail="0">Critical Tests</stat>
<stat pass="3" fail="0">All Tests</stat>
</total>
<tag>
</tag>
<suite>
<stat pass="3" fail="0" id="s1" name="Common Keywords">Common Keywords</stat>
</suite>
</statistics>
<errors>
</errors>
</robot>
