<?xml version="1.0" encoding="UTF-8"?>
<robot generator="Robot 3.1.2 (Python 3.8.2 on win32)" generated="20200424 09:56:30.792" rpa="false">
<suite id="s1" name="User keywords" source="C:\development\robot-scripts\amazon\Tests\User_keywords.robot">
<test id="s1-t1" name="Print Name of Employee">
<kw name="LogMessage">
<arguments>
<arg>Srinivas</arg>
</arguments>
<kw name="Log" library="BuiltIn">
<doc>Logs the given message with the given level.</doc>
<arguments>
<arg>${message}</arg>
</arguments>
<msg timestamp="20200424 09:56:30.830" level="INFO">Srinivas</msg>
<status status="PASS" starttime="20200424 09:56:30.830" endtime="20200424 09:56:30.831"></status>
</kw>
<status status="PASS" starttime="20200424 09:56:30.830" endtime="20200424 09:56:30.831"></status>
</kw>
<kw name="LogMessage">
<arguments>
<arg>Kadiyala</arg>
</arguments>
<kw name="Log" library="BuiltIn">
<doc>Logs the given message with the given level.</doc>
<arguments>
<arg>${message}</arg>
</arguments>
<msg timestamp="20200424 09:56:30.831" level="INFO">Kadiyala</msg>
<status status="PASS" starttime="20200424 09:56:30.831" endtime="20200424 09:56:30.832"></status>
</kw>
<status status="PASS" starttime="20200424 09:56:30.831" endtime="20200424 09:56:30.832"></status>
</kw>
<kw name="LogMessage">
<arguments>
<arg>Mark</arg>
</arguments>
<kw name="Log" library="BuiltIn">
<doc>Logs the given message with the given level.</doc>
<arguments>
<arg>${message}</arg>
</arguments>
<msg timestamp="20200424 09:56:30.833" level="INFO">Mark</msg>
<status status="PASS" starttime="20200424 09:56:30.832" endtime="20200424 09:56:30.833"></status>
</kw>
<status status="PASS" starttime="20200424 09:56:30.832" endtime="20200424 09:56:30.833"></status>
</kw>
<kw name="LogMessage">
<arguments>
<arg>Julie</arg>
</arguments>
<kw name="Log" library="BuiltIn">
<doc>Logs the given message with the given level.</doc>
<arguments>
<arg>${message}</arg>
</arguments>
<msg timestamp="20200424 09:56:30.834" level="INFO">Julie</msg>
<status status="PASS" starttime="20200424 09:56:30.833" endtime="20200424 09:56:30.834"></status>
</kw>
<status status="PASS" starttime="20200424 09:56:30.833" endtime="20200424 09:56:30.834"></status>
</kw>
<status status="PASS" starttime="20200424 09:56:30.829" endtime="20200424 09:56:30.834" critical="yes"></status>
</test>
<test id="s1-t2" name="Print Age of Employee">
<kw name="LogMessage">
<arguments>
<arg>29</arg>
</arguments>
<kw name="Log" library="BuiltIn">
<doc>Logs the given message with the given level.</doc>
<arguments>
<arg>${message}</arg>
</arguments>
<msg timestamp="20200424 09:56:30.836" level="INFO">29</msg>
<status status="PASS" starttime="20200424 09:56:30.836" endtime="20200424 09:56:30.836"></status>
</kw>
<status status="PASS" starttime="20200424 09:56:30.836" endtime="20200424 09:56:30.837"></status>
</kw>
<kw name="LogMessage">
<arguments>
<arg>30</arg>
</arguments>
<kw name="Log" library="BuiltIn">
<doc>Logs the given message with the given level.</doc>
<arguments>
<arg>${message}</arg>
</arguments>
<msg timestamp="20200424 09:56:30.837" level="INFO">30</msg>
<status status="PASS" starttime="20200424 09:56:30.837" endtime="20200424 09:56:30.837"></status>
</kw>
<status status="PASS" starttime="20200424 09:56:30.837" endtime="20200424 09:56:30.837"></status>
</kw>
<kw name="LogMessage">
<arguments>
<arg>39</arg>
</arguments>
<kw name="Log" library="BuiltIn">
<doc>Logs the given message with the given level.</doc>
<arguments>
<arg>${message}</arg>
</arguments>
<msg timestamp="20200424 09:56:30.838" level="INFO">39</msg>
<status status="PASS" starttime="20200424 09:56:30.838" endtime="20200424 09:56:30.838"></status>
</kw>
<status status="PASS" starttime="20200424 09:56:30.838" endtime="20200424 09:56:30.838"></status>
</kw>
<kw name="LogMessage">
<arguments>
<arg>45</arg>
</arguments>
<kw name="Log" library="BuiltIn">
<doc>Logs the given message with the given level.</doc>
<arguments>
<arg>${message}</arg>
</arguments>
<msg timestamp="20200424 09:56:30.840" level="INFO">45</msg>
<status status="PASS" starttime="20200424 09:56:30.839" endtime="20200424 09:56:30.840"></status>
</kw>
<status status="PASS" starttime="20200424 09:56:30.839" endtime="20200424 09:56:30.840"></status>
</kw>
<status status="PASS" starttime="20200424 09:56:30.836" endtime="20200424 09:56:30.841" critical="yes"></status>
</test>
<test id="s1-t3" name="Print Gender of Employee">
<kw name="Log" library="BuiltIn">
<doc>Logs the given message with the given level.</doc>
<arguments>
<arg>Male</arg>
</arguments>
<msg timestamp="20200424 09:56:30.844" level="INFO">Male</msg>
<status status="PASS" starttime="20200424 09:56:30.844" endtime="20200424 09:56:30.844"></status>
</kw>
<kw name="Log" library="BuiltIn">
<doc>Logs the given message with the given level.</doc>
<arguments>
<arg>Male</arg>
</arguments>
<msg timestamp="20200424 09:56:30.846" level="INFO">Male</msg>
<status status="PASS" starttime="20200424 09:56:30.846" endtime="20200424 09:56:30.846"></status>
</kw>
<kw name="Log" library="BuiltIn">
<doc>Logs the given message with the given level.</doc>
<arguments>
<arg>Male</arg>
</arguments>
<msg timestamp="20200424 09:56:30.847" level="INFO">Male</msg>
<status status="PASS" starttime="20200424 09:56:30.846" endtime="20200424 09:56:30.847"></status>
</kw>
<kw name="Log" library="BuiltIn">
<doc>Logs the given message with the given level.</doc>
<arguments>
<arg>Female</arg>
</arguments>
<msg timestamp="20200424 09:56:30.847" level="INFO">Female</msg>
<status status="PASS" starttime="20200424 09:56:30.847" endtime="20200424 09:56:30.848"></status>
</kw>
<status status="PASS" starttime="20200424 09:56:30.843" endtime="20200424 09:56:30.848" critical="yes"></status>
</test>
<doc>This is about User Defined Keywords</doc>
<status status="PASS" starttime="20200424 09:56:30.798" endtime="20200424 09:56:30.849"></status>
</suite>
<statistics>
<total>
<stat pass="3" fail="0">Critical Tests</stat>
<stat pass="3" fail="0">All Tests</stat>
</total>
<tag>
</tag>
<suite>
<stat pass="3" fail="0" id="s1" name="User keywords">User keywords</stat>
</suite>
</statistics>
<errors>
</errors>
</robot>
