<?xml version="1.0" encoding="UTF-8"?>
<robot generator="Robot 3.2rc2 (Python 3.8.2 on win32)" generated="20200425 10:27:12.894" rpa="false">
<suite id="s1" name="ConvertToHex" source="C:\development\robot-scripts\amazon\Tests\ConvertToHex.robot">
<test id="s1-t1" name="Test Case 1">
<kw name="Convert To Hex" library="BuiltIn">
<doc>Converts the given item to a hexadecimal string.</doc>
<arguments>
<arg>100</arg>
</arguments>
<assign>
<var>${Decimal}</var>
</assign>
<msg timestamp="20200425 10:27:12.957" level="INFO">${Decimal} = 64</msg>
<status status="PASS" starttime="20200425 10:27:12.957" endtime="20200425 10:27:12.957"></status>
</kw>
<kw name="Convert To Hex" library="BuiltIn">
<doc>Converts the given item to a hexadecimal string.</doc>
<arguments>
<arg>100</arg>
<arg>10</arg>
</arguments>
<assign>
<var>${BaseDecimal}</var>
</assign>
<msg timestamp="20200425 10:27:12.959" level="INFO">${BaseDecimal} = 64</msg>
<status status="PASS" starttime="20200425 10:27:12.958" endtime="20200425 10:27:12.959"></status>
</kw>
<kw name="Convert To Hex" library="BuiltIn">
<doc>Converts the given item to a hexadecimal string.</doc>
<arguments>
<arg>200</arg>
<arg>8</arg>
</arguments>
<assign>
<var>${Octa}</var>
</assign>
<msg timestamp="20200425 10:27:12.959" level="INFO">${Octa} = 80</msg>
<status status="PASS" starttime="20200425 10:27:12.959" endtime="20200425 10:27:12.960"></status>
</kw>
<kw name="Log" library="BuiltIn">
<doc>Logs the given message with the given level.</doc>
<arguments>
<arg>${Decimal}</arg>
</arguments>
<msg timestamp="20200425 10:27:12.961" level="INFO">64</msg>
<status status="PASS" starttime="20200425 10:27:12.960" endtime="20200425 10:27:12.961"></status>
</kw>
<kw name="Log" library="BuiltIn">
<doc>Logs the given message with the given level.</doc>
<arguments>
<arg>${BaseDecimal}</arg>
</arguments>
<msg timestamp="20200425 10:27:12.962" level="INFO">64</msg>
<status status="PASS" starttime="20200425 10:27:12.961" endtime="20200425 10:27:12.962"></status>
</kw>
<kw name="Log" library="BuiltIn">
<doc>Logs the given message with the given level.</doc>
<arguments>
<arg>${Octa}</arg>
</arguments>
<msg timestamp="20200425 10:27:12.962" level="INFO">80</msg>
<status status="PASS" starttime="20200425 10:27:12.962" endtime="20200425 10:27:12.962"></status>
</kw>
<status status="PASS" starttime="20200425 10:27:12.955" endtime="20200425 10:27:12.963" critical="yes"></status>
</test>
<status status="PASS" starttime="20200425 10:27:12.903" endtime="20200425 10:27:12.964"></status>
</suite>
<statistics>
<total>
<stat pass="1" fail="0">Critical Tests</stat>
<stat pass="1" fail="0">All Tests</stat>
</total>
<tag>
</tag>
<suite>
<stat pass="1" fail="0" id="s1" name="ConvertToHex">ConvertToHex</stat>
</suite>
</statistics>
<errors>
</errors>
</robot>
