<?xml version="1.0" encoding="UTF-8"?>
<robot generator="Robot 3.2.1 (Python 3.8.2 on win32)" generated="20200522 07:58:03.427" rpa="false">
<suite id="s1" name="NumbersToBinary" source="C:\development\robot-scripts\MyProgram\Tests\ConvertTo\NumbersToBinary.robot">
<test id="s1-t1" name="Test Case 1">
<kw name="Set Variable" library="BuiltIn">
<doc>Returns the given values which can then be assigned to a variables.</doc>
<arguments>
<arg>100</arg>
</arguments>
<assign>
<var>${a}</var>
</assign>
<msg timestamp="20200522 07:58:03.484" level="INFO">${a} = 100</msg>
<status status="PASS" starttime="20200522 07:58:03.484" endtime="20200522 07:58:03.484"></status>
</kw>
<kw name="Log" library="BuiltIn">
<doc>Logs the given message with the given level.</doc>
<arguments>
<arg>${a}</arg>
</arguments>
<msg timestamp="20200522 07:58:03.485" level="INFO">100</msg>
<status status="PASS" starttime="20200522 07:58:03.484" endtime="20200522 07:58:03.485"></status>
</kw>
<kw name="Convert To Binary" library="BuiltIn">
<doc>Converts the given item to a binary string.</doc>
<arguments>
<arg>${a}</arg>
</arguments>
<assign>
<var>${b}</var>
</assign>
<msg timestamp="20200522 07:58:03.485" level="INFO">${b} = 1100100</msg>
<status status="PASS" starttime="20200522 07:58:03.485" endtime="20200522 07:58:03.485"></status>
</kw>
<kw name="Log" library="BuiltIn">
<doc>Logs the given message with the given level.</doc>
<arguments>
<arg>${b}</arg>
</arguments>
<msg timestamp="20200522 07:58:03.486" level="INFO">1100100</msg>
<status status="PASS" starttime="20200522 07:58:03.486" endtime="20200522 07:58:03.486"></status>
</kw>
<status status="PASS" starttime="20200522 07:58:03.483" endtime="20200522 07:58:03.486" critical="yes"></status>
</test>
<status status="PASS" starttime="20200522 07:58:03.434" endtime="20200522 07:58:03.487"></status>
</suite>
<statistics>
<total>
<stat pass="1" fail="0">Critical Tests</stat>
<stat pass="1" fail="0">All Tests</stat>
</total>
<tag>
</tag>
<suite>
<stat pass="1" fail="0" id="s1" name="NumbersToBinary">NumbersToBinary</stat>
</suite>
</statistics>
<errors>
</errors>
</robot>
