<?xml version="1.0" encoding="UTF-8"?>
<robot generator="Robot 3.2.1 (Python 3.8.2 on win32)" generated="20200515 22:49:43.267" rpa="false">
<suite id="s1" name="SeleniumLibraryCheckbox Day2" source="C:\development\robot-scripts\MyProgram\Tests\SeleniumRobot\SeleniumLibraryCheckbox_Day2.robot">
<test id="s1-t1" name="TC1">
<kw name="Open Browser" library="SeleniumLibrary">
<doc>Opens a new browser instance to the optional ``url``.</doc>
<arguments>
<arg>https://the-internet.herokuapp.com/</arg>
<arg>chrome</arg>
</arguments>
<msg timestamp="20200515 22:49:43.589" level="INFO">Opening browser 'chrome' to base url 'https://the-internet.herokuapp.com/'.</msg>
<status status="PASS" starttime="20200515 22:49:43.589" endtime="20200515 22:49:49.269"></status>
</kw>
<kw name="Click Element" library="SeleniumLibrary">
<doc>Click the element identified by ``locator``.</doc>
<arguments>
<arg>xpath://a[@href="/checkboxes"]</arg>
</arguments>
<msg timestamp="20200515 22:49:49.270" level="INFO">Clicking element 'xpath://a[@href="/checkboxes"]'.</msg>
<status status="PASS" starttime="20200515 22:49:49.270" endtime="20200515 22:49:49.728"></status>
</kw>
<kw name="Sleep" library="BuiltIn">
<doc>Pauses the test executed for the given time.</doc>
<arguments>
<arg>2s</arg>
</arguments>
<msg timestamp="20200515 22:49:51.729" level="INFO">Slept 2 seconds</msg>
<status status="PASS" starttime="20200515 22:49:49.728" endtime="20200515 22:49:51.729"></status>
</kw>
<kw name="Checkbox Should Be Selected" library="SeleniumLibrary">
<doc>Verifies checkbox ``locator`` is selected/checked.</doc>
<arguments>
<arg>//form/input[2]</arg>
</arguments>
<msg timestamp="20200515 22:49:51.730" level="INFO">Verifying checkbox '//form/input[2]' is selected.</msg>
<status status="PASS" starttime="20200515 22:49:51.729" endtime="20200515 22:49:51.764"></status>
</kw>
<kw name="Click Element" library="SeleniumLibrary">
<doc>Click the element identified by ``locator``.</doc>
<arguments>
<arg>//form/input[2]</arg>
</arguments>
<msg timestamp="20200515 22:49:51.765" level="INFO">Clicking element '//form/input[2]'.</msg>
<status status="PASS" starttime="20200515 22:49:51.764" endtime="20200515 22:49:51.818"></status>
</kw>
<kw name="Sleep" library="BuiltIn">
<doc>Pauses the test executed for the given time.</doc>
<arguments>
<arg>2s</arg>
</arguments>
<msg timestamp="20200515 22:49:53.820" level="INFO">Slept 2 seconds</msg>
<status status="PASS" starttime="20200515 22:49:51.819" endtime="20200515 22:49:53.820"></status>
</kw>
<kw name="Checkbox Should Not Be Selected" library="SeleniumLibrary">
<doc>Verifies checkbox ``locator`` is not selected/checked.</doc>
<arguments>
<arg>//form/input[1]</arg>
</arguments>
<msg timestamp="20200515 22:49:53.821" level="INFO">Verifying checkbox '//form/input[1]' is not selected.</msg>
<status status="PASS" starttime="20200515 22:49:53.820" endtime="20200515 22:49:53.859"></status>
</kw>
<kw name="Click Element" library="SeleniumLibrary">
<doc>Click the element identified by ``locator``.</doc>
<arguments>
<arg>//form/input[1]</arg>
</arguments>
<msg timestamp="20200515 22:49:53.860" level="INFO">Clicking element '//form/input[1]'.</msg>
<status status="PASS" starttime="20200515 22:49:53.859" endtime="20200515 22:49:53.920"></status>
</kw>
<kw name="Sleep" library="BuiltIn">
<doc>Pauses the test executed for the given time.</doc>
<arguments>
<arg>2s</arg>
</arguments>
<msg timestamp="20200515 22:49:55.923" level="INFO">Slept 2 seconds</msg>
<status status="PASS" starttime="20200515 22:49:53.921" endtime="20200515 22:49:55.923"></status>
</kw>
<kw name="Close Browser" library="SeleniumLibrary">
<doc>Closes the current browser.</doc>
<status status="PASS" starttime="20200515 22:49:55.924" endtime="20200515 22:49:58.146"></status>
</kw>
<status status="PASS" starttime="20200515 22:49:43.588" endtime="20200515 22:49:58.147" critical="yes"></status>
</test>
<status status="PASS" starttime="20200515 22:49:43.273" endtime="20200515 22:49:58.150"></status>
</suite>
<statistics>
<total>
<stat pass="1" fail="0">Critical Tests</stat>
<stat pass="1" fail="0">All Tests</stat>
</total>
<tag>
</tag>
<suite>
<stat pass="1" fail="0" id="s1" name="SeleniumLibraryCheckbox Day2">SeleniumLibraryCheckbox Day2</stat>
</suite>
</statistics>
<errors>
</errors>
</robot>
