<?xml version="1.0" encoding="UTF-8"?>
<robot generator="Robot 3.2.1 (Python 3.8.2 on win32)" generated="20200516 00:36:28.644" rpa="false">
<suite id="s1" name="SeleniumLibraryLogin Day02" source="C:\development\robot-scripts\MyProgram\Tests\SeleniumRobot\SeleniumLibraryLogin_Day02.robot">
<test id="s1-t1" name="TC1">
<kw name="Open Browser" library="SeleniumLibrary">
<doc>Opens a new browser instance to the optional ``url``.</doc>
<arguments>
<arg>https://the-internet.herokuapp.com/login</arg>
<arg>chrome</arg>
</arguments>
<msg timestamp="20200516 00:36:28.965" level="INFO">Opening browser 'chrome' to base url 'https://the-internet.herokuapp.com/login'.</msg>
<status status="PASS" starttime="20200516 00:36:28.964" endtime="20200516 00:36:35.001"></status>
</kw>
<kw name="Input Text" library="SeleniumLibrary">
<doc>Types the given ``text`` into the text field identified by ``locator``.</doc>
<arguments>
<arg>id:username</arg>
<arg>tomsmith</arg>
</arguments>
<msg timestamp="20200516 00:36:35.002" level="INFO">Typing text 'tomsmith' into text field 'id:username'.</msg>
<status status="PASS" starttime="20200516 00:36:35.001" endtime="20200516 00:36:35.119"></status>
</kw>
<kw name="Input Password" library="SeleniumLibrary">
<doc>Types the given password into the text field identified by ``locator``.</doc>
<arguments>
<arg>id:password</arg>
<arg>SuperSecretPassword!</arg>
</arguments>
<msg timestamp="20200516 00:36:35.120" level="INFO">Typing password into text field 'id:password'.</msg>
<msg timestamp="20200516 00:36:35.161" level="INFO">Temporally setting log level to: NONE</msg>
<msg timestamp="20200516 00:36:35.271" level="INFO">Log level changed from NONE to INFO.</msg>
<status status="PASS" starttime="20200516 00:36:35.119" endtime="20200516 00:36:35.271"></status>
</kw>
<kw name="Sleep" library="BuiltIn">
<doc>Pauses the test executed for the given time.</doc>
<arguments>
<arg>2s</arg>
</arguments>
<msg timestamp="20200516 00:36:37.272" level="INFO">Slept 2 seconds</msg>
<status status="PASS" starttime="20200516 00:36:35.272" endtime="20200516 00:36:37.272"></status>
</kw>
<kw name="Click Button" library="SeleniumLibrary">
<doc>Clicks the button identified by ``locator``.</doc>
<arguments>
<arg>xpath://button[@type="submit"]</arg>
</arguments>
<msg timestamp="20200516 00:36:37.273" level="INFO">Clicking button 'xpath://button[@type="submit"]'.</msg>
<status status="PASS" starttime="20200516 00:36:37.273" endtime="20200516 00:36:37.983"></status>
</kw>
<kw name="Sleep" library="BuiltIn">
<doc>Pauses the test executed for the given time.</doc>
<arguments>
<arg>5s</arg>
</arguments>
<msg timestamp="20200516 00:36:42.987" level="INFO">Slept 5 seconds</msg>
<status status="PASS" starttime="20200516 00:36:37.986" endtime="20200516 00:36:42.987"></status>
</kw>
<kw name="Get Text" library="SeleniumLibrary">
<doc>Returns the text value of the element identified by ``locator``.</doc>
<arguments>
<arg>//h2[contains(text(),"Secure Area")]</arg>
</arguments>
<assign>
<var>${title}</var>
</assign>
<msg timestamp="20200516 00:36:43.021" level="INFO">${title} = Secure Area</msg>
<status status="PASS" starttime="20200516 00:36:42.988" endtime="20200516 00:36:43.021"></status>
</kw>
<kw name="Log" library="BuiltIn">
<doc>Logs the given message with the given level.</doc>
<arguments>
<arg>${title}</arg>
</arguments>
<msg timestamp="20200516 00:36:43.022" level="INFO">Secure Area</msg>
<status status="PASS" starttime="20200516 00:36:43.022" endtime="20200516 00:36:43.022"></status>
</kw>
<kw name="Sleep" library="BuiltIn">
<doc>Pauses the test executed for the given time.</doc>
<arguments>
<arg>10s</arg>
</arguments>
<msg timestamp="20200516 00:36:53.024" level="INFO">Slept 10 seconds</msg>
<status status="PASS" starttime="20200516 00:36:43.023" endtime="20200516 00:36:53.024"></status>
</kw>
<kw name="Close Browser" library="SeleniumLibrary">
<doc>Closes the current browser.</doc>
<status status="PASS" starttime="20200516 00:36:53.026" endtime="20200516 00:36:55.261"></status>
</kw>
<status status="PASS" starttime="20200516 00:36:28.963" endtime="20200516 00:36:55.263" critical="yes"></status>
</test>
<status status="PASS" starttime="20200516 00:36:28.649" endtime="20200516 00:36:55.267"></status>
</suite>
<statistics>
<total>
<stat pass="1" fail="0">Critical Tests</stat>
<stat pass="1" fail="0">All Tests</stat>
</total>
<tag>
</tag>
<suite>
<stat pass="1" fail="0" id="s1" name="SeleniumLibraryLogin Day02">SeleniumLibraryLogin Day02</stat>
</suite>
</statistics>
<errors>
</errors>
</robot>
