<?xml version="1.0" encoding="UTF-8"?>
<robot generator="Robot 3.2rc2 (Python 3.8.2 on win32)" generated="20200427 14:19:23.900" rpa="false">
<suite id="s1" name="Dictionaries" source="C:\development\robot-scripts\amazon\Tests\Dictionaries.robot">
<test id="s1-t1" name="Test Case Dictionary">
<kw name="Log Many" library="BuiltIn">
<doc>Logs the given messages as separate entries using the INFO level.</doc>
<arguments>
<arg>${dict['name']}</arg>
<arg>${dict['age']}</arg>
<arg>${dict['gender']}</arg>
</arguments>
<msg timestamp="20200427 14:19:23.949" level="INFO">srinivas</msg>
<msg timestamp="20200427 14:19:23.949" level="INFO">29</msg>
<msg timestamp="20200427 14:19:23.949" level="INFO">male</msg>
<status status="PASS" starttime="20200427 14:19:23.948" endtime="20200427 14:19:23.949"></status>
</kw>
<doc>Test Case for Dictionary Variables</doc>
<status status="PASS" starttime="20200427 14:19:23.947" endtime="20200427 14:19:23.950" critical="yes"></status>
</test>
<status status="PASS" starttime="20200427 14:19:23.907" endtime="20200427 14:19:23.952"></status>
</suite>
<statistics>
<total>
<stat pass="1" fail="0">Critical Tests</stat>
<stat pass="1" fail="0">All Tests</stat>
</total>
<tag>
</tag>
<suite>
<stat pass="1" fail="0" id="s1" name="Dictionaries">Dictionaries</stat>
</suite>
</statistics>
<errors>
</errors>
</robot>
