<?xml version="1.0" encoding="UTF-8"?>
<robot generator="Robot 3.2.1 (Python 3.8.2 on win32)" generated="20200516 01:16:14.417" rpa="false">
<suite id="s1" name="SeleniumLibraryLogin Day02" source="C:\development\robot-scripts\MyProgram\Tests\SeleniumRobot\SeleniumLibraryLogin_Day02.robot">
<test id="s1-t1" name="TC1">
<kw name="Open Browser" library="SeleniumLibrary">
<doc>Opens a new browser instance to the optional ``url``.</doc>
<arguments>
<arg>https://the-internet.herokuapp.com/login</arg>
<arg>chrome</arg>
</arguments>
<msg timestamp="20200516 01:16:14.734" level="INFO">Opening browser 'chrome' to base url 'https://the-internet.herokuapp.com/login'.</msg>
<status status="PASS" starttime="20200516 01:16:14.733" endtime="20200516 01:16:21.253"></status>
</kw>
<kw name="Input Text" library="SeleniumLibrary">
<doc>Types the given ``text`` into the text field identified by ``locator``.</doc>
<arguments>
<arg>id:username</arg>
<arg>tomsmith</arg>
</arguments>
<msg timestamp="20200516 01:16:21.254" level="INFO">Typing text 'tomsmith' into text field 'id:username'.</msg>
<status status="PASS" starttime="20200516 01:16:21.254" endtime="20200516 01:16:21.365"></status>
</kw>
<kw name="Input Password" library="SeleniumLibrary">
<doc>Types the given password into the text field identified by ``locator``.</doc>
<arguments>
<arg>id:password</arg>
<arg>SuperSecretPassword!</arg>
</arguments>
<msg timestamp="20200516 01:16:21.366" level="INFO">Typing password into text field 'id:password'.</msg>
<msg timestamp="20200516 01:16:21.415" level="INFO">Temporally setting log level to: NONE</msg>
<msg timestamp="20200516 01:16:21.525" level="INFO">Log level changed from NONE to INFO.</msg>
<status status="PASS" starttime="20200516 01:16:21.365" endtime="20200516 01:16:21.525"></status>
</kw>
<kw name="Sleep" library="BuiltIn">
<doc>Pauses the test executed for the given time.</doc>
<arguments>
<arg>2s</arg>
</arguments>
<msg timestamp="20200516 01:16:23.527" level="INFO">Slept 2 seconds</msg>
<status status="PASS" starttime="20200516 01:16:21.526" endtime="20200516 01:16:23.527"></status>
</kw>
<kw name="Click Button" library="SeleniumLibrary">
<doc>Clicks the button identified by ``locator``.</doc>
<arguments>
<arg>xpath://button[@type="submit"]</arg>
</arguments>
<msg timestamp="20200516 01:16:23.528" level="INFO">Clicking button 'xpath://button[@type="submit"]'.</msg>
<status status="PASS" starttime="20200516 01:16:23.527" endtime="20200516 01:16:24.196"></status>
</kw>
<kw name="Sleep" library="BuiltIn">
<doc>Pauses the test executed for the given time.</doc>
<arguments>
<arg>5s</arg>
</arguments>
<msg timestamp="20200516 01:16:29.199" level="INFO">Slept 5 seconds</msg>
<status status="PASS" starttime="20200516 01:16:24.196" endtime="20200516 01:16:29.199"></status>
</kw>
<kw name="Get Text" library="SeleniumLibrary">
<doc>Returns the text value of the element identified by ``locator``.</doc>
<arguments>
<arg>xpath://h2[contains(text(),"Secure Area")]</arg>
</arguments>
<assign>
<var>${title}</var>
</assign>
<msg timestamp="20200516 01:16:29.225" level="INFO">${title} = Secure Area</msg>
<status status="PASS" starttime="20200516 01:16:29.199" endtime="20200516 01:16:29.225"></status>
</kw>
<kw name="Log" library="BuiltIn">
<doc>Logs the given message with the given level.</doc>
<arguments>
<arg>${title}</arg>
</arguments>
<msg timestamp="20200516 01:16:29.226" level="INFO">Secure Area</msg>
<status status="PASS" starttime="20200516 01:16:29.226" endtime="20200516 01:16:29.226"></status>
</kw>
<kw name="Sleep" library="BuiltIn">
<doc>Pauses the test executed for the given time.</doc>
<arguments>
<arg>5s</arg>
</arguments>
<msg timestamp="20200516 01:16:34.227" level="INFO">Slept 5 seconds</msg>
<status status="PASS" starttime="20200516 01:16:29.226" endtime="20200516 01:16:34.227"></status>
</kw>
<kw name="Capture Element Screenshot" library="SeleniumLibrary">
<doc>Captures a screenshot from the element identified by ``locator`` and embeds it into log file.</doc>
<arguments>
<arg>xpath://h3[contains(text(),"Disappearing")]</arg>
<arg>filename=disappearing-element.png</arg>
</arguments>
<kw name="Capture Page Screenshot" library="SeleniumLibrary">
<doc>Takes a screenshot of the current page and embeds it into a log file.</doc>
<msg timestamp="20200516 01:16:34.590" level="INFO" html="yes">&lt;/td&gt;&lt;/tr&gt;&lt;tr&gt;&lt;td colspan="3"&gt;&lt;a href="selenium-screenshot-10.png"&gt;&lt;img src="selenium-screenshot-10.png" width="800px"&gt;&lt;/a&gt;</msg>
<status status="PASS" starttime="20200516 01:16:34.244" endtime="20200516 01:16:34.590"></status>
</kw>
<msg timestamp="20200516 01:16:34.595" level="FAIL">Element with locator 'xpath://h3[contains(text(),"Disappearing")]' not found.</msg>
<status status="FAIL" starttime="20200516 01:16:34.230" endtime="20200516 01:16:34.595"></status>
</kw>
<kw name="Close Browser" library="SeleniumLibrary" type="teardown">
<doc>Closes the current browser.</doc>
<status status="PASS" starttime="20200516 01:16:34.596" endtime="20200516 01:16:36.791"></status>
</kw>
<status status="FAIL" starttime="20200516 01:16:14.733" endtime="20200516 01:16:36.791" critical="yes">Element with locator 'xpath://h3[contains(text(),"Disappearing")]' not found.</status>
</test>
<status status="FAIL" starttime="20200516 01:16:14.423" endtime="20200516 01:16:36.796"></status>
</suite>
<statistics>
<total>
<stat pass="0" fail="1">Critical Tests</stat>
<stat pass="0" fail="1">All Tests</stat>
</total>
<tag>
</tag>
<suite>
<stat pass="0" fail="1" id="s1" name="SeleniumLibraryLogin Day02">SeleniumLibraryLogin Day02</stat>
</suite>
</statistics>
<errors>
</errors>
</robot>
