<?xml version="1.0" encoding="UTF-8"?>
<robot generator="Robot 3.1.2 (Python 3.8.2 on win32)" generated="20200424 10:27:15.271" rpa="false">
<suite id="s1" name="Settings" source="C:\development\robot-scripts\amazon\Tests\settings.robot">
<kw name="Log" library="BuiltIn" type="setup">
<doc>Logs the given message with the given level.</doc>
<arguments>
<arg>Test Suite Start</arg>
</arguments>
<msg timestamp="20200424 10:27:15.333" level="INFO">Test Suite Start</msg>
<status status="PASS" starttime="20200424 10:27:15.333" endtime="20200424 10:27:15.334"></status>
</kw>
<test id="s1-t1" name="Test Case 1">
<kw name="Log" library="BuiltIn" type="setup">
<doc>Logs the given message with the given level.</doc>
<arguments>
<arg>Test Case Start</arg>
</arguments>
<msg timestamp="20200424 10:27:15.335" level="INFO">Test Case Start</msg>
<status status="PASS" starttime="20200424 10:27:15.335" endtime="20200424 10:27:15.336"></status>
</kw>
<kw name="CommonLogMessage">
<kw name="Log" library="BuiltIn">
<doc>Logs the given message with the given level.</doc>
<arguments>
<arg>Srinivas</arg>
</arguments>
<msg timestamp="20200424 10:27:15.337" level="INFO">Srinivas</msg>
<status status="PASS" starttime="20200424 10:27:15.337" endtime="20200424 10:27:15.337"></status>
</kw>
<kw name="Log" library="BuiltIn">
<doc>Logs the given message with the given level.</doc>
<arguments>
<arg>Kadiyala</arg>
</arguments>
<msg timestamp="20200424 10:27:15.337" level="INFO">Kadiyala</msg>
<status status="PASS" starttime="20200424 10:27:15.337" endtime="20200424 10:27:15.337"></status>
</kw>
<status status="PASS" starttime="20200424 10:27:15.336" endtime="20200424 10:27:15.337"></status>
</kw>
<kw name="Log" library="BuiltIn" type="teardown">
<doc>Logs the given message with the given level.</doc>
<arguments>
<arg>Test Case End</arg>
</arguments>
<msg timestamp="20200424 10:27:15.338" level="INFO">Test Case End</msg>
<status status="PASS" starttime="20200424 10:27:15.338" endtime="20200424 10:27:15.338"></status>
</kw>
<status status="PASS" starttime="20200424 10:27:15.334" endtime="20200424 10:27:15.339" critical="yes"></status>
</test>
<test id="s1-t2" name="Test Case 2">
<kw name="Log" library="BuiltIn" type="setup">
<doc>Logs the given message with the given level.</doc>
<arguments>
<arg>Test Case Start</arg>
</arguments>
<msg timestamp="20200424 10:27:15.342" level="INFO">Test Case Start</msg>
<status status="PASS" starttime="20200424 10:27:15.341" endtime="20200424 10:27:15.342"></status>
</kw>
<kw name="CommonLogMessage">
<kw name="Log" library="BuiltIn">
<doc>Logs the given message with the given level.</doc>
<arguments>
<arg>Srinivas</arg>
</arguments>
<msg timestamp="20200424 10:27:15.343" level="INFO">Srinivas</msg>
<status status="PASS" starttime="20200424 10:27:15.343" endtime="20200424 10:27:15.344"></status>
</kw>
<kw name="Log" library="BuiltIn">
<doc>Logs the given message with the given level.</doc>
<arguments>
<arg>Kadiyala</arg>
</arguments>
<msg timestamp="20200424 10:27:15.344" level="INFO">Kadiyala</msg>
<status status="PASS" starttime="20200424 10:27:15.344" endtime="20200424 10:27:15.344"></status>
</kw>
<status status="PASS" starttime="20200424 10:27:15.342" endtime="20200424 10:27:15.344"></status>
</kw>
<kw name="Log" library="BuiltIn" type="teardown">
<doc>Logs the given message with the given level.</doc>
<arguments>
<arg>Test Case End</arg>
</arguments>
<msg timestamp="20200424 10:27:15.345" level="INFO">Test Case End</msg>
<status status="PASS" starttime="20200424 10:27:15.345" endtime="20200424 10:27:15.345"></status>
</kw>
<status status="PASS" starttime="20200424 10:27:15.341" endtime="20200424 10:27:15.346" critical="yes"></status>
</test>
<test id="s1-t3" name="Test Case 3">
<kw name="Log" library="BuiltIn" type="setup">
<doc>Logs the given message with the given level.</doc>
<arguments>
<arg>Test Case Start</arg>
</arguments>
<msg timestamp="20200424 10:27:15.348" level="INFO">Test Case Start</msg>
<status status="PASS" starttime="20200424 10:27:15.348" endtime="20200424 10:27:15.348"></status>
</kw>
<kw name="CommonLogMessage">
<kw name="Log" library="BuiltIn">
<doc>Logs the given message with the given level.</doc>
<arguments>
<arg>Srinivas</arg>
</arguments>
<msg timestamp="20200424 10:27:15.349" level="INFO">Srinivas</msg>
<status status="PASS" starttime="20200424 10:27:15.349" endtime="20200424 10:27:15.349"></status>
</kw>
<kw name="Log" library="BuiltIn">
<doc>Logs the given message with the given level.</doc>
<arguments>
<arg>Kadiyala</arg>
</arguments>
<msg timestamp="20200424 10:27:15.349" level="INFO">Kadiyala</msg>
<status status="PASS" starttime="20200424 10:27:15.349" endtime="20200424 10:27:15.349"></status>
</kw>
<status status="PASS" starttime="20200424 10:27:15.348" endtime="20200424 10:27:15.349"></status>
</kw>
<kw name="Log" library="BuiltIn" type="teardown">
<doc>Logs the given message with the given level.</doc>
<arguments>
<arg>Test Case End</arg>
</arguments>
<msg timestamp="20200424 10:27:15.350" level="INFO">Test Case End</msg>
<status status="PASS" starttime="20200424 10:27:15.350" endtime="20200424 10:27:15.350"></status>
</kw>
<status status="PASS" starttime="20200424 10:27:15.347" endtime="20200424 10:27:15.350" critical="yes"></status>
</test>
<kw name="Log" library="BuiltIn" type="teardown">
<doc>Logs the given message with the given level.</doc>
<arguments>
<arg>Test Suite End</arg>
</arguments>
<msg timestamp="20200424 10:27:15.351" level="INFO">Test Suite End</msg>
<status status="PASS" starttime="20200424 10:27:15.351" endtime="20200424 10:27:15.352"></status>
</kw>
<doc>This is about Common Keywords Usage in Test Cases</doc>
<status status="PASS" starttime="20200424 10:27:15.277" endtime="20200424 10:27:15.352"></status>
</suite>
<statistics>
<total>
<stat pass="3" fail="0">Critical Tests</stat>
<stat pass="3" fail="0">All Tests</stat>
</total>
<tag>
</tag>
<suite>
<stat pass="3" fail="0" id="s1" name="Settings">Settings</stat>
</suite>
</statistics>
<errors>
</errors>
</robot>
