<?xml version="1.0" encoding="UTF-8"?>
<robot generator="Robot 3.2.1 (Python 3.8.2 on win32)" generated="20200512 23:24:20.400" rpa="false">
<suite id="s1" name="Exitforloopif" source="C:\development\robot-scripts\MyProgram\Tests\Loops\exitforloopif.robot">
<test id="s1-t1" name="TC1">
<kw name="Create List" library="BuiltIn">
<doc>Returns a list containing given items.</doc>
<arguments>
<arg>1</arg>
<arg>2</arg>
<arg>3</arg>
<arg>4</arg>
<arg>5</arg>
</arguments>
<assign>
<var>@{num}</var>
</assign>
<msg timestamp="20200512 23:24:20.461" level="INFO">@{num} = [ 1 | 2 | 3 | 4 | 5 ]</msg>
<status status="PASS" starttime="20200512 23:24:20.461" endtime="20200512 23:24:20.461"></status>
</kw>
<kw name="${i} IN [ @{num} ]" type="for">
<kw name="${i} = 1" type="foritem">
<kw name="Log To Console" library="BuiltIn">
<doc>Logs the given message to the console.</doc>
<arguments>
<arg>${i}</arg>
</arguments>
<status status="PASS" starttime="20200512 23:24:20.463" endtime="20200512 23:24:20.463"></status>
</kw>
<status status="PASS" starttime="20200512 23:24:20.462" endtime="20200512 23:24:20.463"></status>
</kw>
<kw name="${i} = 2" type="foritem">
<kw name="Log To Console" library="BuiltIn">
<doc>Logs the given message to the console.</doc>
<arguments>
<arg>${i}</arg>
</arguments>
<status status="PASS" starttime="20200512 23:24:20.463" endtime="20200512 23:24:20.464"></status>
</kw>
<status status="PASS" starttime="20200512 23:24:20.463" endtime="20200512 23:24:20.464"></status>
</kw>
<kw name="${i} = 3" type="foritem">
<kw name="Log To Console" library="BuiltIn">
<doc>Logs the given message to the console.</doc>
<arguments>
<arg>${i}</arg>
</arguments>
<status status="PASS" starttime="20200512 23:24:20.465" endtime="20200512 23:24:20.466"></status>
</kw>
<status status="PASS" starttime="20200512 23:24:20.465" endtime="20200512 23:24:20.467"></status>
</kw>
<kw name="${i} = 4" type="foritem">
<kw name="Log To Console" library="BuiltIn">
<doc>Logs the given message to the console.</doc>
<arguments>
<arg>${i}</arg>
</arguments>
<status status="PASS" starttime="20200512 23:24:20.467" endtime="20200512 23:24:20.468"></status>
</kw>
<status status="PASS" starttime="20200512 23:24:20.467" endtime="20200512 23:24:20.468"></status>
</kw>
<kw name="${i} = 5" type="foritem">
<kw name="Log To Console" library="BuiltIn">
<doc>Logs the given message to the console.</doc>
<arguments>
<arg>${i}</arg>
</arguments>
<status status="PASS" starttime="20200512 23:24:20.469" endtime="20200512 23:24:20.469"></status>
</kw>
<status status="PASS" starttime="20200512 23:24:20.469" endtime="20200512 23:24:20.469"></status>
</kw>
<status status="PASS" starttime="20200512 23:24:20.462" endtime="20200512 23:24:20.469"></status>
</kw>
<status status="PASS" starttime="20200512 23:24:20.460" endtime="20200512 23:24:20.470" critical="yes"></status>
</test>
<status status="PASS" starttime="20200512 23:24:20.408" endtime="20200512 23:24:20.472"></status>
</suite>
<statistics>
<total>
<stat pass="1" fail="0">Critical Tests</stat>
<stat pass="1" fail="0">All Tests</stat>
</total>
<tag>
</tag>
<suite>
<stat pass="1" fail="0" id="s1" name="Exitforloopif">Exitforloopif</stat>
</suite>
</statistics>
<errors>
</errors>
</robot>
